#
# A fatal error has been detected by the Java Runtime Environment:
#
#  EXCEPTION_ACCESS_VIOLATION (0xc0000005) at pc=0x00000127eee59324, pid=12356, tid=9276
#
# JRE version: Java(TM) SE Runtime Environment (19.0.1+10) (build 19.0.1+10-21)
# Java VM: Java HotSpot(TM) 64-Bit Server VM (19.0.1+10-21, mixed mode, sharing, tiered, compressed oops, compressed class ptrs, g1 gc, windows-amd64)
# Problematic frame:
# v  ~BufferBlob::MethodHandles adapters 0x00000127eee59324
#
# No core dump will be written. Minidumps are not enabled by default on client versions of Windows
#
# If you would like to submit a bug report, please visit:
#   https://bugreport.java.com/bugreport/crash.jsp
#

---------------  S U M M A R Y ------------

Command Line: -XX:+ShowCodeDetailsInExceptionMessages -agentlib:jdwp=transport=dt_socket,suspend=y,address=localhost:50244 -javaagent:C:\Users\TVD\eclipse\jee-2022-12\eclipse\configuration\org.eclipse.osgi\420\0\.cp\lib\javaagent-shaded.jar -Dfile.encoding=UTF-8 com.Ecomerce.API.ApiBackEndFinalProjectEcApplication

Host: Intel(R) Core(TM) i7-10750H CPU @ 2.60GHz, 12 cores, 15G,  Windows 10 , 64 bit Build 19041 (10.0.19041.2364)
Time: Thu Dec 22 10:59:34 2022 SE Asia Standard Time elapsed time: 86.293344 seconds (0d 0h 1m 26s)

---------------  T H R E A D  ---------------

Current thread (0x000001278d93fa10):  JavaThread "http-nio-8080-exec-1" daemon [_thread_in_Java, id=9276, stack(0x0000001327300000,0x0000001327400000)]

Stack: [0x0000001327300000,0x0000001327400000],  sp=0x00000013273fc248,  free space=1008k
Native frames: (J=compiled Java code, j=interpreted, Vv=VM code, C=native code)
C  0x00000127eee59324


siginfo: EXCEPTION_ACCESS_VIOLATION (0xc0000005), reading address 0x0000000f04cd36c2


Registers:
RAX=0x00000127eee0c61a, RBX=0x0000000704674860, RCX=0x00000013273fc250, RDX=0x0000000000000002
RSP=0x00000013273fc248, RBP=0x00000013273fc298, RSI=0x0000012788d44bf8, RDI=0x000001278eb2e070
R8 =0x0000000000000004, R9 =0x0000000000000004, R10=0x0000000800737472, R11=0x00000000e08b3813
R12=0x0000000000000000, R13=0x00000013273fc248, R14=0x00000013273fc2b8, R15=0x000001278d93fa10
RIP=0x00000127eee59324, EFLAGS=0x0000000000010206


Register to memory mapping:

RIP=0x00000127eee59324 is at begin+65 in a stub
MethodHandle::interpreter_entry::_linkToVirtual [0x00000127eee592e3, 0x00000127eee5934a] (103 bytes)
RAX=0x00000127eee0c61a is at code_begin+4634 in an Interpreter codelet
return entry points  [0x00000127eee0b400, 0x00000127eee0d4d0]  8400 bytes
RBX=0x0000000704674860 is an oop: com.Ecomerce.API.controllers.AdminController 
{0x0000000704674860} - klass: 'com/Ecomerce/API/controllers/AdminController'
 - ---- fields (total size 3 words):
 - 'jwtTokenUtil' 'Lcom/Ecomerce/API/security/JwtTokenUtil;' @12  a 'com/Ecomerce/API/security/JwtTokenUtil'{0x00000007045bb7a8} (e08b76f5)
 - 'auctionService' 'Lcom/Ecomerce/API/services/AuctionService;' @16  a 'com/Ecomerce/API/services/impls/AuctionServiceImpl'{0x000000070459c098} (e08b3813)
RCX=0x00000013273fc250 is pointing into the stack for thread: 0x000001278d93fa10
RDX=0x0000000000000002 is an unknown value
RSP=0x00000013273fc248 is pointing into the stack for thread: 0x000001278d93fa10
RBP=0x00000013273fc298 is pointing into the stack for thread: 0x000001278d93fa10
RSI=0x0000012788d44bf8 points into unknown readable memory: 0x8800160bc355393b | 3b 39 55 c3 0b 16 00 88
RDI=0x000001278eb2e070 points into unknown readable memory: 0x0000001800000060 | 60 00 00 00 18 00 00 00
R8 =0x0000000000000004 is an unknown value
R9 =0x0000000000000004 is an unknown value
R10=0x0000000800737472 is pointing into metadata
R11=3767220243 is a compressed pointer to object: com.Ecomerce.API.services.impls.AuctionServiceImpl 
{0x000000070459c098} - klass: 'com/Ecomerce/API/services/impls/AuctionServiceImpl'
 - ---- fields (total size 3 words):
 - private 'repository' 'Lcom/Ecomerce/API/repositories/AuctionRepository;' @12  a 'jdk/proxy2/$Proxy124'{0x0000000704543110} (e08a8622)
 - private 'statusAuctionRepository' 'Lcom/Ecomerce/API/repositories/StatusAuctionRepository;' @16  a 'jdk/proxy2/$Proxy125'{0x00000007045cef78} (e08b9def)
 - private 'converter' 'Lcom/Ecomerce/API/utils/converter/AuctionConverter;' @20  a 'com/Ecomerce/API/utils/converter/AuctionConverter'{0x000000070459c0b0} (e08b3816)
R12=0x0 is NULL
R13=0x00000013273fc248 is pointing into the stack for thread: 0x000001278d93fa10
R14=0x00000013273fc2b8 is pointing into the stack for thread: 0x000001278d93fa10
R15=0x000001278d93fa10 is a thread


Top of Stack: (sp=0x00000013273fc248)
0x00000013273fc248:   00000127eee0c61a 00000013273fc250
0x00000013273fc258:   0000000800737472 00000013273fc2b8
0x00000013273fc268:   00000008000d55c8 00000127864a6cf0
0x00000013273fc278:   0000000702e43b60 00000008000d8108
0x00000013273fc288:   00000013273fc248 00000013273fc2c0
0x00000013273fc298:   00000007094f7648 00000127e7d59176
0x00000013273fc2a8:   00000007094f7328 0000000704674860
0x00000013273fc2b8:   00000007094f7478 00000013273fc318
0x00000013273fc2c8:   000000080004cf20 0000012784bc3488
0x00000013273fc2d8:   0000000702e42c60 00000007094f7648
0x00000013273fc2e8:   0000000704674860 00000007094f75f8
0x00000013273fc2f8:   00000007094f7478 0000000704674860
0x00000013273fc308:   00000127e7d59004 00000007094f7648
0x00000013273fc318:   00000127ef7fad6d 0000012787313d88
0x00000013273fc328:   000001278d93fa10 000001278d93fa10
0x00000013273fc338:   00000013273fc380 00000007094f7670 

Instructions: (pc=0x00000127eee59324)
0x00000127eee59224:   ff ff ff ff f0 10 00 00 00 00 00 00 80 92 e5 ee
0x00000127eee59234:   27 01 00 00 00 a3 e5 ee 27 01 00 00 80 92 e5 ee
0x00000127eee59244:   27 01 00 00 00 a3 e5 ee 27 01 00 00 78 92 e5 ee
0x00000127eee59254:   27 01 00 00 78 92 e5 ee 27 01 00 00 00 00 00 00
0x00000127eee59264:   00 00 00 00 00 00 00 00 00 00 00 00 68 3b 74 66
0x00000127eee59274:   ff 7f 00 00 00 00 00 00 00 00 00 00 f4 66 66 66
0x00000127eee59284:   0f 1f 84 00 00 00 00 00 66 66 66 90 66 66 66 0f
0x00000127eee59294:   1f 84 00 00 00 00 00 66 66 66 90 90 48 8b 53 08
0x00000127eee592a4:   0f b7 52 2c 48 8b 0c d4 8b 59 14 48 c1 e3 03 8b
0x00000127eee592b4:   5b 28 48 c1 e3 03 8b 5b 24 48 c1 e3 03 48 8b 5b
0x00000127eee592c4:   10 48 85 db 0f 84 10 00 00 00 41 80 bf f8 04 00
0x00000127eee592d4:   00 00 74 03 ff 63 38 ff 63 50 e9 1d ac fd ff 66
0x00000127eee592e4:   66 66 0f 1f 84 00 00 00 00 00 66 66 66 90 66 66
0x00000127eee592f4:   0f 1f 84 00 00 00 00 00 66 66 66 90 48 8b 53 08
0x00000127eee59304:   0f b7 52 2c 48 8b 0c d4 58 5b 50 44 8b 51 08 49
0x00000127eee59314:   bb 00 00 00 00 08 00 00 00 4d 03 d3 4c 8b 5b 10
0x00000127eee59324:   4b 8b 9c da b8 01 00 00 48 85 db 0f 84 10 00 00
0x00000127eee59334:   00 41 80 bf f8 04 00 00 00 74 03 ff 63 38 ff 63
0x00000127eee59344:   50 e9 b6 ab fd ff 66 66 66 0f 1f 84 00 00 00 00
0x00000127eee59354:   00 66 66 66 90 0f 1f 80 00 00 00 00 58 5b 50 8b
0x00000127eee59364:   5b 24 48 c1 e3 03 48 8b 5b 10 48 85 db 0f 84 10
0x00000127eee59374:   00 00 00 41 80 bf f8 04 00 00 00 74 03 ff 63 38
0x00000127eee59384:   ff 63 50 e9 74 ab fd ff 66 66 66 0f 1f 84 00 00
0x00000127eee59394:   00 00 00 66 66 66 90 0f 1f 44 00 00 48 8b 53 08
0x00000127eee593a4:   0f b7 52 2c 48 8b 0c d4 58 5b 50 48 3b 01 8b 5b
0x00000127eee593b4:   24 48 c1 e3 03 48 8b 5b 10 48 85 db 0f 84 10 00
0x00000127eee593c4:   00 00 41 80 bf f8 04 00 00 00 74 03 ff 63 38 ff
0x00000127eee593d4:   63 50 e9 25 ab fd ff 0f 1f 44 00 00 48 8b 53 08
0x00000127eee593e4:   0f b7 52 2c 48 8b 0c d4 58 5b 50 44 8b 51 08 49
0x00000127eee593f4:   bb 00 00 00 00 08 00 00 00 4d 03 d3 8b 43 18 48
0x00000127eee59404:   c1 e0 03 48 8b 40 10 48 8b 5b 10 45 8b 9a a0 00
0x00000127eee59414:   00 00 4f 8d 9c da b8 01 00 00 4d 8d 14 da 49 8b 


Stack slot to memory mapping:
stack at sp + 0 slots: 0x00000127eee0c61a is at code_begin+4634 in an Interpreter codelet
return entry points  [0x00000127eee0b400, 0x00000127eee0d4d0]  8400 bytes
stack at sp + 1 slots: 0x00000013273fc250 is pointing into the stack for thread: 0x000001278d93fa10
stack at sp + 2 slots: 0x0000000800737472 is pointing into metadata
stack at sp + 3 slots: 0x00000013273fc2b8 is pointing into the stack for thread: 0x000001278d93fa10
stack at sp + 4 slots: 0x00000008000d55c8 is pointing into metadata
stack at sp + 5 slots: 0x00000127864a6cf0 is pointing into metadata
stack at sp + 6 slots: 0x0000000702e43b60 is an oop: java.lang.Class 
{0x0000000702e43b60} - klass: 'java/lang/Class'
 - ---- fields (total size 14 words):
 - private volatile transient 'classRedefinedCount' 'I' @12  0
 - abstract internal 'klass' 'J' @16  34360611240 (d51a8 8)
 - abstract internal 'array_klass' 'J' @24  0 (0 0)
 - abstract internal 'oop_size' 'I' @32  14 (e)
 - abstract internal 'static_oop_field_count' 'I' @36  0
 - private volatile transient 'cachedConstructor' 'Ljava/lang/reflect/Constructor;' @40  NULL (0)
 - private transient 'name' 'Ljava/lang/String;' @44  NULL (0)
 - private transient 'module' 'Ljava/lang/Module;' @48  a 'java/lang/Module'{0x0000000702e161f8} (e05c2c3f)
 - private final 'classLoader' 'Ljava/lang/ClassLoader;' @52  NULL (0)
 - private transient 'classData' 'Ljava/lang/Object;' @56  NULL (0)
 - private transient 'packageName' 'Ljava/lang/String;' @60  NULL (0)
 - private final 'componentType' 'Ljava/lang/Class;' @64  NULL (0)
 - private volatile transient 'reflectionData' 'Ljava/lang/ref/SoftReference;' @68  NULL (0)
 - private volatile transient 'genericInfo' 'Lsun/reflect/generics/repository/ClassRepository;' @72  NULL (0)
 - private volatile transient 'enumConstants' '[Ljava/lang/Object;' @76  NULL (0)
 - private volatile transient 'enumConstantDirectory' 'Ljava/util/Map;' @80  NULL (0)
 - private volatile transient 'annotationData' 'Ljava/lang/Class$AnnotationData;' @84  NULL (0)
 - private volatile transient 'annotationType' 'Lsun/reflect/annotation/AnnotationType;' @88  NULL (0)
 - transient 'classValueMap' 'Ljava/lang/ClassValue$ClassValueMap;' @92  NULL (0)
 - abstract internal 'protection_domain' 'Ljava/lang/Object;' @96  NULL (0)
 - abstract internal 'signers_name' 'Ljava/lang/Object;' @100  NULL (0)
 - abstract internal 'source_file' 'Ljava/lang/Object;' @104  NULL (0)
 - signature: Ljava/lang/invoke/DirectMethodHandle$Holder;
 - ---- static fields (0):
stack at sp + 7 slots: {method} {0x00000008000d8110} 'invokeVirtual' '(Ljava/lang/Object;Ljava/lang/Object;)Ljava/lang/Object;' in 'java/lang/invoke/DirectMethodHandle$Holder'

MethodHandle::interpreter_entry::_linkToVirtual [0x00000127eee592e3, 0x00000127eee5934a] (103 bytes)
[MachCode]
  0x00000127eee592e3: 6666 660f | 1f84 0000 | 0000 0066 | 6666 9066 | 660f 1f84 | 0000 0000 | 0066 6666 | 9048 8b53 
  0x00000127eee59303: 080f b752 | 2c48 8b0c | d458 5b50 | 448b 5108 | 49bb 0000 | 0000 0800 | 0000 4d03 | d34c 8b5b 
  0x00000127eee59323: 104b 8b9c | dab8 0100 | 0048 85db | 0f84 1000 | 0000 4180 | bff8 0400 | 0000 7403 | ff63 38ff 
  0x00000127eee59343: 6350 e9b6 | 
[/MachCode]

---------------  P R O C E S S  ---------------

Threads class SMR info:
_java_thread_list=0x000001278f031a70, length=32, elements={
0x00000127ff1af770, 0x00000127ff1b2570, 0x00000127ff1b5b70, 0x00000127ff1b74b0,
0x00000127ff1b7f20, 0x00000127ff1ba2d0, 0x00000127ff1c5ba0, 0x00000127ff1c8520,
0x00000127ff1d3670, 0x00000127ff183b90, 0x00000127882c0ab0, 0x0000012788317a10,
0x000001278831a2f0, 0x0000012788a72010, 0x000001278a1cbd90, 0x000001278afbdfd0,
0x000001278d9414a0, 0x000001278d9404b0, 0x000001278d93da30, 0x000001278d93fa10,
0x000001278d93ba50, 0x000001278d9419f0, 0x000001278d93ea20, 0x000001278d93ef70,
0x000001278d93ff60, 0x000001278d940f50, 0x000001278d941f40, 0x000001278d93bfa0,
0x000001278d93ca40, 0x000001278d942490, 0x000001278d93aa60, 0x000001278d93afb0
}

Java Threads: ( => current thread )
  0x00000127ff1af770 JavaThread "Reference Handler" daemon [_thread_blocked, id=5948, stack(0x0000001325000000,0x0000001325100000)]
  0x00000127ff1b2570 JavaThread "Finalizer" daemon [_thread_blocked, id=5900, stack(0x0000001325100000,0x0000001325200000)]
  0x00000127ff1b5b70 JavaThread "Signal Dispatcher" daemon [_thread_blocked, id=10096, stack(0x0000001325200000,0x0000001325300000)]
  0x00000127ff1b74b0 JavaThread "Attach Listener" daemon [_thread_blocked, id=14916, stack(0x0000001325300000,0x0000001325400000)]
  0x00000127ff1b7f20 JavaThread "Service Thread" daemon [_thread_blocked, id=14804, stack(0x0000001325400000,0x0000001325500000)]
  0x00000127ff1ba2d0 JavaThread "Monitor Deflation Thread" daemon [_thread_blocked, id=19288, stack(0x0000001325500000,0x0000001325600000)]
  0x00000127ff1c5ba0 JavaThread "C2 CompilerThread0" daemon [_thread_blocked, id=24180, stack(0x0000001325600000,0x0000001325700000)]
  0x00000127ff1c8520 JavaThread "C1 CompilerThread0" daemon [_thread_blocked, id=27780, stack(0x0000001325700000,0x0000001325800000)]
  0x00000127ff1d3670 JavaThread "Sweeper thread" daemon [_thread_blocked, id=30164, stack(0x0000001325800000,0x0000001325900000)]
  0x00000127ff183b90 JavaThread "Common-Cleaner" daemon [_thread_blocked, id=29896, stack(0x0000001325900000,0x0000001325a00000)]
  0x00000127882c0ab0 JavaThread "JDWP Transport Listener: dt_socket" daemon [_thread_blocked, id=18756, stack(0x0000001325a00000,0x0000001325b00000)]
  0x0000012788317a10 JavaThread "JDWP Event Helper Thread" daemon [_thread_blocked, id=18000, stack(0x0000001325b00000,0x0000001325c00000)]
  0x000001278831a2f0 JavaThread "JDWP Command Reader" daemon [_thread_in_native, id=25288, stack(0x0000001325c00000,0x0000001325d00000)]
  0x0000012788a72010 JavaThread "Notification Thread" daemon [_thread_blocked, id=26348, stack(0x0000001325e00000,0x0000001325f00000)]
  0x000001278a1cbd90 JavaThread "mssql-jdbc-shared-timer-core-0" daemon [_thread_blocked, id=19696, stack(0x0000001326d00000,0x0000001326e00000)]
  0x000001278afbdfd0 JavaThread "HikariPool-1 housekeeper" daemon [_thread_blocked, id=20316, stack(0x0000001326e00000,0x0000001326f00000)]
  0x000001278d9414a0 JavaThread "Catalina-utility-1" [_thread_blocked, id=18040, stack(0x0000001327000000,0x0000001327100000)]
  0x000001278d9404b0 JavaThread "Catalina-utility-2" [_thread_blocked, id=4760, stack(0x0000001327100000,0x0000001327200000)]
  0x000001278d93da30 JavaThread "container-0" [_thread_blocked, id=16484, stack(0x0000001327200000,0x0000001327300000)]
=>0x000001278d93fa10 JavaThread "http-nio-8080-exec-1" daemon [_thread_in_Java, id=9276, stack(0x0000001327300000,0x0000001327400000)]
  0x000001278d93ba50 JavaThread "http-nio-8080-exec-2" daemon [_thread_blocked, id=28864, stack(0x0000001327400000,0x0000001327500000)]
  0x000001278d9419f0 JavaThread "http-nio-8080-exec-3" daemon [_thread_blocked, id=24636, stack(0x0000001327500000,0x0000001327600000)]
  0x000001278d93ea20 JavaThread "http-nio-8080-exec-4" daemon [_thread_blocked, id=17068, stack(0x0000001327600000,0x0000001327700000)]
  0x000001278d93ef70 JavaThread "http-nio-8080-exec-5" daemon [_thread_blocked, id=12428, stack(0x0000001327700000,0x0000001327800000)]
  0x000001278d93ff60 JavaThread "http-nio-8080-exec-6" daemon [_thread_blocked, id=13912, stack(0x0000001327800000,0x0000001327900000)]
  0x000001278d940f50 JavaThread "http-nio-8080-exec-7" daemon [_thread_blocked, id=22260, stack(0x0000001327900000,0x0000001327a00000)]
  0x000001278d941f40 JavaThread "http-nio-8080-exec-8" daemon [_thread_blocked, id=13488, stack(0x0000001327a00000,0x0000001327b00000)]
  0x000001278d93bfa0 JavaThread "http-nio-8080-exec-9" daemon [_thread_blocked, id=24504, stack(0x0000001327b00000,0x0000001327c00000)]
  0x000001278d93ca40 JavaThread "http-nio-8080-exec-10" daemon [_thread_blocked, id=22020, stack(0x0000001327c00000,0x0000001327d00000)]
  0x000001278d942490 JavaThread "http-nio-8080-Poller" daemon [_thread_in_native, id=24240, stack(0x0000001327d00000,0x0000001327e00000)]
  0x000001278d93aa60 JavaThread "http-nio-8080-Acceptor" daemon [_thread_in_native, id=15308, stack(0x0000001327e00000,0x0000001327f00000)]
  0x000001278d93afb0 JavaThread "DestroyJavaVM" [_thread_blocked, id=30300, stack(0x0000001324900000,0x0000001324a00000)]

Other Threads:
  0x00000127ff194750 VMThread "VM Thread" [stack: 0x0000001324f00000,0x0000001325000000] [id=20368] _threads_hazard_ptr=0x000001278f031a70
  0x0000012788aff450 WatcherThread "VM Periodic Task Thread" [stack: 0x0000001325f00000,0x0000001326000000] [id=13604]
  0x00000127df9cd480 WorkerThread "GC Thread#0" [stack: 0x0000001324a00000,0x0000001324b00000] [id=17352]
  0x0000012788d33040 WorkerThread "GC Thread#1" [stack: 0x0000001326000000,0x0000001326100000] [id=27224]
  0x0000012788dc6d00 WorkerThread "GC Thread#2" [stack: 0x0000001326100000,0x0000001326200000] [id=2032]
  0x0000012788dc6fd0 WorkerThread "GC Thread#3" [stack: 0x0000001326200000,0x0000001326300000] [id=11220]
  0x0000012788e38f70 WorkerThread "GC Thread#4" [stack: 0x0000001326300000,0x0000001326400000] [id=13484]
  0x0000012788e39240 WorkerThread "GC Thread#5" [stack: 0x0000001326400000,0x0000001326500000] [id=26756]
  0x0000012788e389d0 WorkerThread "GC Thread#6" [stack: 0x0000001326500000,0x0000001326600000] [id=30156]
  0x0000012788e38ca0 WorkerThread "GC Thread#7" [stack: 0x0000001326600000,0x0000001326700000] [id=18044]
  0x0000012788e38700 WorkerThread "GC Thread#8" [stack: 0x0000001326700000,0x0000001326800000] [id=9452]
  0x0000012788e39510 WorkerThread "GC Thread#9" [stack: 0x0000001326800000,0x0000001326900000] [id=4272]
  0x00000127df9e0990 ConcurrentGCThread "G1 Main Marker" [stack: 0x0000001324b00000,0x0000001324c00000] [id=23704]
  0x00000127df9e12d0 WorkerThread "G1 Conc#0" [stack: 0x0000001324c00000,0x0000001324d00000] [id=14184]
  0x000001278b185360 WorkerThread "G1 Conc#1" [stack: 0x0000001326b00000,0x0000001326c00000] [id=10556]
  0x000001278b186cb0 WorkerThread "G1 Conc#2" [stack: 0x0000001326c00000,0x0000001326d00000] [id=12604]
  0x00000127ff04d180 ConcurrentGCThread "G1 Refine#0" [stack: 0x0000001324d00000,0x0000001324e00000] [id=16512]
  0x00000127ff04dad0 ConcurrentGCThread "G1 Service" [stack: 0x0000001324e00000,0x0000001324f00000] [id=13936]

Threads with active compile tasks:

VM state: synchronizing (normal execution)

VM Mutex/Monitor currently owned by a thread:  ([mutex/lock_event])
[0x00000127df959440] Threads_lock - owner thread: 0x00000127ff194750

Heap address: 0x0000000702c00000, size: 4052 MB, Compressed Oops mode: Zero based, Oop shift amount: 3

CDS archive(s) mapped at: [0x0000000800000000-0x0000000800c40000-0x0000000800c40000), size 12845056, SharedBaseAddress: 0x0000000800000000, ArchiveRelocationMode: 0.
Compressed class space mapped at: 0x0000000801000000-0x0000000841000000, reserved size: 1073741824
Narrow klass base: 0x0000000800000000, Narrow klass shift: 0, Narrow klass range: 0x100000000

GC Precious Log:
 CardTable entry size: 512
 Card Set container configuration: InlinePtr #cards 4 size 8 Array Of Cards #cards 16 size 48 Howl #buckets 8 coarsen threshold 3686 Howl Bitmap #cards 512 size 80 coarsen threshold 460 Card regions per heap region 1 cards per card region 4096
 CPUs: 12 total, 12 available
 Memory: 16205M
 Large Page Support: Disabled
 NUMA Support: Disabled
 Compressed Oops: Enabled (Zero based)
 Heap Region Size: 2M
 Heap Min Capacity: 8M
 Heap Initial Capacity: 254M
 Heap Max Capacity: 4052M
 Pre-touch: Disabled
 Parallel Workers: 10
 Concurrent Workers: 3
 Concurrent Refinement Workers: 10
 Periodic GC: Disabled

Heap:
 garbage-first heap   total 116736K, used 50396K [0x0000000702c00000, 0x0000000800000000)
  region size 2048K, 12 young (24576K), 1 survivors (2048K)
 Metaspace       used 67374K, committed 67840K, reserved 1114112K
  class space    used 8410K, committed 8640K, reserved 1048576K

Heap Regions: E=young(eden), S=young(survivor), O=old, HS=humongous(starts), HC=humongous(continues), CS=collection set, F=free, OA=open archive, CA=closed archive, TAMS=top-at-mark-start (previous, next)
|   0|0x0000000702c00000, 0x0000000702e00000, 0x0000000702e00000|100%| O|  |TAMS 0x0000000702e00000, 0x0000000702c00000| Untracked 
|   1|0x0000000702e00000, 0x0000000703000000, 0x0000000703000000|100%| O|  |TAMS 0x0000000703000000, 0x0000000702e00000| Untracked 
|   2|0x0000000703000000, 0x0000000703200000, 0x0000000703200000|100%| O|  |TAMS 0x0000000703200000, 0x0000000703000000| Untracked 
|   3|0x0000000703200000, 0x0000000703200000, 0x0000000703400000|  0%| F|  |TAMS 0x0000000703200000, 0x0000000703200000| Untracked 
|   4|0x0000000703400000, 0x0000000703600000, 0x0000000703600000|100%| O|  |TAMS 0x0000000703600000, 0x0000000703400000| Untracked 
|   5|0x0000000703600000, 0x0000000703800000, 0x0000000703800000|100%| O|  |TAMS 0x0000000703800000, 0x0000000703600000| Untracked 
|   6|0x0000000703800000, 0x0000000703a00000, 0x0000000703a00000|100%| O|  |TAMS 0x0000000703a00000, 0x0000000703800000| Untracked 
|   7|0x0000000703a00000, 0x0000000703c00000, 0x0000000703c00000|100%| O|  |TAMS 0x0000000703c00000, 0x0000000703a00000| Untracked 
|   8|0x0000000703c00000, 0x0000000703e00000, 0x0000000703e00000|100%| O|  |TAMS 0x0000000703e00000, 0x0000000703c00000| Untracked 
|   9|0x0000000703e00000, 0x0000000704000000, 0x0000000704000000|100%| O|  |TAMS 0x0000000703f41000, 0x0000000703e00000| Untracked 
|  10|0x0000000704000000, 0x0000000704200000, 0x0000000704200000|100%| O|  |TAMS 0x0000000704000000, 0x0000000704000000| Untracked 
|  11|0x0000000704200000, 0x0000000704400000, 0x0000000704400000|100%| O|  |TAMS 0x0000000704200000, 0x0000000704200000| Untracked 
|  12|0x0000000704400000, 0x0000000704600000, 0x0000000704600000|100%| O|  |TAMS 0x0000000704400000, 0x0000000704400000| Untracked 
|  13|0x0000000704600000, 0x0000000704800000, 0x0000000704800000|100%| O|  |TAMS 0x0000000704600000, 0x0000000704600000| Untracked 
|  14|0x0000000704800000, 0x0000000704a00000, 0x0000000704a00000|100%| O|  |TAMS 0x0000000704800000, 0x0000000704800000| Untracked 
|  15|0x0000000704a00000, 0x0000000704a0ca00, 0x0000000704c00000|  2%| O|  |TAMS 0x0000000704a00000, 0x0000000704a00000| Untracked 
|  16|0x0000000704c00000, 0x0000000704c00000, 0x0000000704e00000|  0%| F|  |TAMS 0x0000000704c00000, 0x0000000704c00000| Untracked 
|  17|0x0000000704e00000, 0x0000000704e00000, 0x0000000705000000|  0%| F|  |TAMS 0x0000000704e00000, 0x0000000704e00000| Untracked 
|  18|0x0000000705000000, 0x0000000705000000, 0x0000000705200000|  0%| F|  |TAMS 0x0000000705000000, 0x0000000705000000| Untracked 
|  19|0x0000000705200000, 0x0000000705200000, 0x0000000705400000|  0%| F|  |TAMS 0x0000000705200000, 0x0000000705200000| Untracked 
|  20|0x0000000705400000, 0x0000000705400000, 0x0000000705600000|  0%| F|  |TAMS 0x0000000705400000, 0x0000000705400000| Untracked 
|  21|0x0000000705600000, 0x0000000705600000, 0x0000000705800000|  0%| F|  |TAMS 0x0000000705600000, 0x0000000705600000| Untracked 
|  22|0x0000000705800000, 0x0000000705800000, 0x0000000705a00000|  0%| F|  |TAMS 0x0000000705800000, 0x0000000705800000| Untracked 
|  23|0x0000000705a00000, 0x0000000705a00000, 0x0000000705c00000|  0%| F|  |TAMS 0x0000000705a00000, 0x0000000705a00000| Untracked 
|  24|0x0000000705c00000, 0x0000000705c00000, 0x0000000705e00000|  0%| F|  |TAMS 0x0000000705c00000, 0x0000000705c00000| Untracked 
|  25|0x0000000705e00000, 0x0000000705e00000, 0x0000000706000000|  0%| F|  |TAMS 0x0000000705e00000, 0x0000000705e00000| Untracked 
|  26|0x0000000706000000, 0x0000000706000000, 0x0000000706200000|  0%| F|  |TAMS 0x0000000706000000, 0x0000000706000000| Untracked 
|  27|0x0000000706200000, 0x0000000706200000, 0x0000000706400000|  0%| F|  |TAMS 0x0000000706200000, 0x0000000706200000| Untracked 
|  28|0x0000000706400000, 0x0000000706400000, 0x0000000706600000|  0%| F|  |TAMS 0x0000000706400000, 0x0000000706400000| Untracked 
|  29|0x0000000706600000, 0x0000000706600000, 0x0000000706800000|  0%| F|  |TAMS 0x0000000706600000, 0x0000000706600000| Untracked 
|  30|0x0000000706800000, 0x0000000706800000, 0x0000000706a00000|  0%| F|  |TAMS 0x0000000706800000, 0x0000000706800000| Untracked 
|  31|0x0000000706a00000, 0x0000000706a00000, 0x0000000706c00000|  0%| F|  |TAMS 0x0000000706a00000, 0x0000000706a00000| Untracked 
|  32|0x0000000706c00000, 0x0000000706c00000, 0x0000000706e00000|  0%| F|  |TAMS 0x0000000706c00000, 0x0000000706c00000| Untracked 
|  33|0x0000000706e00000, 0x0000000706e00000, 0x0000000707000000|  0%| F|  |TAMS 0x0000000706e00000, 0x0000000706e00000| Untracked 
|  34|0x0000000707000000, 0x0000000707000000, 0x0000000707200000|  0%| F|  |TAMS 0x0000000707000000, 0x0000000707000000| Untracked 
|  35|0x0000000707200000, 0x0000000707200000, 0x0000000707400000|  0%| F|  |TAMS 0x0000000707200000, 0x0000000707200000| Untracked 
|  36|0x0000000707400000, 0x0000000707400000, 0x0000000707600000|  0%| F|  |TAMS 0x0000000707400000, 0x0000000707400000| Untracked 
|  37|0x0000000707600000, 0x0000000707600000, 0x0000000707800000|  0%| F|  |TAMS 0x0000000707600000, 0x0000000707600000| Untracked 
|  38|0x0000000707800000, 0x0000000707800000, 0x0000000707a00000|  0%| F|  |TAMS 0x0000000707800000, 0x0000000707800000| Untracked 
|  39|0x0000000707a00000, 0x0000000707a00000, 0x0000000707c00000|  0%| F|  |TAMS 0x0000000707a00000, 0x0000000707a00000| Untracked 
|  40|0x0000000707c00000, 0x0000000707c00000, 0x0000000707e00000|  0%| F|  |TAMS 0x0000000707c00000, 0x0000000707c00000| Untracked 
|  41|0x0000000707e00000, 0x0000000707e00000, 0x0000000708000000|  0%| F|  |TAMS 0x0000000707e00000, 0x0000000707e00000| Untracked 
|  42|0x0000000708000000, 0x0000000708000000, 0x0000000708200000|  0%| F|  |TAMS 0x0000000708000000, 0x0000000708000000| Untracked 
|  43|0x0000000708200000, 0x0000000708200000, 0x0000000708400000|  0%| F|  |TAMS 0x0000000708200000, 0x0000000708200000| Untracked 
|  44|0x0000000708400000, 0x000000070851ac80, 0x0000000708600000| 55%| E|  |TAMS 0x0000000708400000, 0x0000000708400000| Complete 
|  45|0x0000000708600000, 0x0000000708800000, 0x0000000708800000|100%| E|CS|TAMS 0x0000000708600000, 0x0000000708600000| Complete 
|  46|0x0000000708800000, 0x0000000708a00000, 0x0000000708a00000|100%| E|CS|TAMS 0x0000000708800000, 0x0000000708800000| Complete 
|  47|0x0000000708a00000, 0x0000000708c00000, 0x0000000708c00000|100%| E|  |TAMS 0x0000000708a00000, 0x0000000708a00000| Complete 
|  48|0x0000000708c00000, 0x0000000708e00000, 0x0000000708e00000|100%| E|CS|TAMS 0x0000000708c00000, 0x0000000708c00000| Complete 
|  49|0x0000000708e00000, 0x0000000709000000, 0x0000000709000000|100%| E|CS|TAMS 0x0000000708e00000, 0x0000000708e00000| Complete 
|  51|0x0000000709200000, 0x0000000709400000, 0x0000000709400000|100%| E|CS|TAMS 0x0000000709200000, 0x0000000709200000| Complete 
|  52|0x0000000709400000, 0x0000000709600000, 0x0000000709600000|100%| E|CS|TAMS 0x0000000709400000, 0x0000000709400000| Complete 
|  53|0x0000000709600000, 0x0000000709800000, 0x0000000709800000|100%| E|CS|TAMS 0x0000000709600000, 0x0000000709600000| Complete 
|  54|0x0000000709800000, 0x0000000709a00000, 0x0000000709a00000|100%| E|CS|TAMS 0x0000000709800000, 0x0000000709800000| Complete 
|  71|0x000000070ba00000, 0x000000070bb2a7f8, 0x000000070bc00000| 58%| S|CS|TAMS 0x000000070ba00000, 0x000000070ba00000| Complete 
| 126|0x0000000712800000, 0x0000000712a00000, 0x0000000712a00000|100%| E|CS|TAMS 0x0000000712800000, 0x0000000712800000| Complete 
|2025|0x00000007ffe00000, 0x0000000800000000, 0x0000000800000000|100%| O|  |TAMS 0x0000000800000000, 0x00000007ffe00000| Untracked 

Card table byte_map: [0x00000127f7620000,0x00000127f7e10000] _byte_map_base: 0x00000127f3e0a000

Marking Bits (Prev, Next): (CMBitMap*) 0x00000127df9cea10, (CMBitMap*) 0x00000127df9ce9d0
 Prev Bits: [0x0000012780000000, 0x0000012783f50000)
 Next Bits: [0x00000127f8600000, 0x00000127fc550000)

Polling page: 0x00000127dd950000

Metaspace:

Usage:
  Non-class:     57.58 MB used.
      Class:      8.21 MB used.
       Both:     65.80 MB used.

Virtual space:
  Non-class space:       64.00 MB reserved,      57.81 MB ( 90%) committed,  1 nodes.
      Class space:        1.00 GB reserved,       8.44 MB ( <1%) committed,  1 nodes.
             Both:        1.06 GB reserved,      66.25 MB (  6%) committed. 

Chunk freelists:
   Non-Class:  2.10 MB
       Class:  3.53 MB
        Both:  5.63 MB

MaxMetaspaceSize: unlimited
CompressedClassSpaceSize: 1.00 GB
Initial GC threshold: 21.00 MB
Current GC threshold: 98.38 MB
CDS: on
MetaspaceReclaimPolicy: balanced
 - commit_granule_bytes: 65536.
 - commit_granule_words: 8192.
 - virtual_space_node_default_size: 8388608.
 - enlarge_chunks_in_place: 1.
 - new_chunks_are_fully_committed: 0.
 - uncommit_free_chunks: 1.
 - use_allocation_guard: 0.


Internal statistics:

num_allocs_failed_limit: 9.
num_arena_births: 558.
num_arena_deaths: 0.
num_vsnodes_births: 2.
num_vsnodes_deaths: 0.
num_space_committed: 1060.
num_space_uncommitted: 0.
num_chunks_returned_to_freelist: 9.
num_chunks_taken_from_freelist: 2785.
num_chunk_merges: 9.
num_chunk_splits: 2078.
num_chunks_enlarged: 1749.
num_inconsistent_stats: 0.

CodeHeap 'non-profiled nmethods': size=120000Kb used=4676Kb max_used=5174Kb free=115323Kb
 bounds [0x00000127ef390000, 0x00000127ef8c0000, 0x00000127f68c0000]
CodeHeap 'profiled nmethods': size=120000Kb used=12783Kb max_used=14382Kb free=107217Kb
 bounds [0x00000127e78c0000, 0x00000127e86d0000, 0x00000127eedf0000]
CodeHeap 'non-nmethods': size=5760Kb used=1513Kb max_used=1622Kb free=4246Kb
 bounds [0x00000127eedf0000, 0x00000127ef060000, 0x00000127ef390000]
 total_blobs=7053 nmethods=6358 adapters=604
 compilation: enabled
              stopped_count=0, restarted_count=0
 full_count=0

Compilation events (20 events):
Event: 63.952 Thread 0x00000127ff1c8520 7705       1       org.apache.catalina.webresources.CachedResource::getNextCheck (5 bytes)
Event: 63.952 Thread 0x00000127ff1c8520 nmethod 7705 0x00000127ef46f210 code [0x00000127ef46f3a0, 0x00000127ef46f478]
Event: 64.497 Thread 0x00000127ff1c8520 7707       3       java.util.concurrent.TimeUnit::convert (77 bytes)
Event: 64.497 Thread 0x00000127ff1c8520 nmethod 7707 0x00000127e7d55010 code [0x00000127e7d55220, 0x00000127e7d55608]
Event: 66.507 Thread 0x00000127ff1c8520 7708       3       java.util.concurrent.locks.AbstractQueuedSynchronizer$ConditionNode::isReleasable (23 bytes)
Event: 66.507 Thread 0x00000127ff1c8520 nmethod 7708 0x00000127e825f090 code [0x00000127e825f240, 0x00000127e825f498]
Event: 71.598 Thread 0x00000127ff1c8520 7710       1       org.apache.tomcat.util.net.NioEndpoint$NioSocketWrapper::interestOps (5 bytes)
Event: 71.598 Thread 0x00000127ff1c8520 nmethod 7710 0x00000127ef46eb10 code [0x00000127ef46eca0, 0x00000127ef46ed58]
Event: 73.953 Thread 0x00000127ff1c8520 7712       1       org.apache.catalina.LifecycleEvent::getType (5 bytes)
Event: 73.953 Thread 0x00000127ff1c8520 nmethod 7712 0x00000127ef46e790 code [0x00000127ef46e920, 0x00000127ef46e9f8]
Event: 78.496 Thread 0x00000127ff1c8520 7713       3       jdk.internal.misc.Unsafe::putIntOpaque (9 bytes)
Event: 78.496 Thread 0x00000127ff1c8520 nmethod 7713 0x00000127e7f9d590 code [0x00000127e7f9d720, 0x00000127e7f9d838]
Event: 81.493 Thread 0x00000127ff1c8520 7714       3       java.util.concurrent.ThreadPoolExecutor::workerCountOf (5 bytes)
Event: 81.493 Thread 0x00000127ff1c8520 nmethod 7714 0x00000127e7fe6a10 code [0x00000127e7fe6ba0, 0x00000127e7fe6c98]
Event: 83.499 Thread 0x00000127ff1c8520 7715       3       java.util.concurrent.locks.AbstractQueuedSynchronizer$ConditionNode::<init> (5 bytes)
Event: 83.499 Thread 0x00000127ff1c8520 nmethod 7715 0x00000127e80f6890 code [0x00000127e80f6a40, 0x00000127e80f6bf8]
Event: 83.499 Thread 0x00000127ff1c8520 7716       3       java.util.concurrent.locks.AbstractQueuedSynchronizer$ConditionObject::enableWait (84 bytes)
Event: 83.499 Thread 0x00000127ff1c8520 nmethod 7716 0x00000127e7cf0e10 code [0x00000127e7cf1040, 0x00000127e7cf17c8]
Event: 83.966 Thread 0x00000127ff1c8520 7717       3       java.util.concurrent.ScheduledThreadPoolExecutor$ScheduledFutureTask::getDelay (16 bytes)
Event: 83.966 Thread 0x00000127ff1c8520 nmethod 7717 0x00000127e8187810 code [0x00000127e81879c0, 0x00000127e8187b68]

GC Heap History (20 events):
Event: 2.363 GC heap before
{Heap before GC invocations=8 (full 0):
 garbage-first heap   total 98304K, used 69049K [0x0000000702c00000, 0x0000000800000000)
  region size 2048K, 28 young (57344K), 2 survivors (4096K)
 Metaspace       used 34220K, committed 34560K, reserved 1114112K
  class space    used 4142K, committed 4288K, reserved 1048576K
}
Event: 2.370 GC heap after
{Heap after GC invocations=9 (full 0):
 garbage-first heap   total 98304K, used 18568K [0x0000000702c00000, 0x0000000800000000)
  region size 2048K, 3 young (6144K), 3 survivors (6144K)
 Metaspace       used 34220K, committed 34560K, reserved 1114112K
  class space    used 4142K, committed 4288K, reserved 1048576K
}
Event: 2.461 GC heap before
{Heap before GC invocations=9 (full 0):
 garbage-first heap   total 98304K, used 32904K [0x0000000702c00000, 0x0000000800000000)
  region size 2048K, 11 young (22528K), 3 survivors (6144K)
 Metaspace       used 35676K, committed 35968K, reserved 1114112K
  class space    used 4368K, committed 4480K, reserved 1048576K
}
Event: 2.467 GC heap after
{Heap after GC invocations=10 (full 0):
 garbage-first heap   total 98304K, used 19249K [0x0000000702c00000, 0x0000000800000000)
  region size 2048K, 2 young (4096K), 2 survivors (4096K)
 Metaspace       used 35676K, committed 35968K, reserved 1114112K
  class space    used 4368K, committed 4480K, reserved 1048576K
}
Event: 2.789 GC heap before
{Heap before GC invocations=11 (full 0):
 garbage-first heap   total 75776K, used 60209K [0x0000000702c00000, 0x0000000800000000)
  region size 2048K, 22 young (45056K), 2 survivors (4096K)
 Metaspace       used 42892K, committed 43200K, reserved 1114112K
  class space    used 5310K, committed 5440K, reserved 1048576K
}
Event: 2.794 GC heap after
{Heap after GC invocations=12 (full 0):
 garbage-first heap   total 75776K, used 20161K [0x0000000702c00000, 0x0000000800000000)
  region size 2048K, 3 young (6144K), 3 survivors (6144K)
 Metaspace       used 42892K, committed 43200K, reserved 1114112K
  class space    used 5310K, committed 5440K, reserved 1048576K
}
Event: 2.804 GC heap before
{Heap before GC invocations=12 (full 0):
 garbage-first heap   total 75776K, used 22209K [0x0000000702c00000, 0x0000000800000000)
  region size 2048K, 4 young (8192K), 3 survivors (6144K)
 Metaspace       used 43119K, committed 43456K, reserved 1114112K
  class space    used 5329K, committed 5504K, reserved 1048576K
}
Event: 2.810 GC heap after
{Heap after GC invocations=13 (full 0):
 garbage-first heap   total 75776K, used 20489K [0x0000000702c00000, 0x0000000800000000)
  region size 2048K, 1 young (2048K), 1 survivors (2048K)
 Metaspace       used 43119K, committed 43456K, reserved 1114112K
  class space    used 5329K, committed 5504K, reserved 1048576K
}
Event: 3.023 GC heap before
{Heap before GC invocations=13 (full 0):
 garbage-first heap   total 75776K, used 55305K [0x0000000702c00000, 0x0000000800000000)
  region size 2048K, 19 young (38912K), 1 survivors (2048K)
 Metaspace       used 46662K, committed 46976K, reserved 1114112K
  class space    used 5770K, committed 5888K, reserved 1048576K
}
Event: 3.026 GC heap after
{Heap after GC invocations=14 (full 0):
 garbage-first heap   total 151552K, used 21512K [0x0000000702c00000, 0x0000000800000000)
  region size 2048K, 1 young (2048K), 1 survivors (2048K)
 Metaspace       used 46662K, committed 46976K, reserved 1114112K
  class space    used 5770K, committed 5888K, reserved 1048576K
}
Event: 3.592 GC heap before
{Heap before GC invocations=14 (full 0):
 garbage-first heap   total 151552K, used 107528K [0x0000000702c00000, 0x0000000800000000)
  region size 2048K, 44 young (90112K), 1 survivors (2048K)
 Metaspace       used 53807K, committed 54208K, reserved 1114112K
  class space    used 6729K, committed 6912K, reserved 1048576K
}
Event: 3.596 GC heap after
{Heap after GC invocations=15 (full 0):
 garbage-first heap   total 151552K, used 23908K [0x0000000702c00000, 0x0000000800000000)
  region size 2048K, 3 young (6144K), 3 survivors (6144K)
 Metaspace       used 53807K, committed 54208K, reserved 1114112K
  class space    used 6729K, committed 6912K, reserved 1048576K
}
Event: 4.018 GC heap before
{Heap before GC invocations=15 (full 0):
 garbage-first heap   total 151552K, used 107876K [0x0000000702c00000, 0x0000000800000000)
  region size 2048K, 44 young (90112K), 3 survivors (6144K)
 Metaspace       used 57960K, committed 58368K, reserved 1114112K
  class space    used 7241K, committed 7424K, reserved 1048576K
}
Event: 4.022 GC heap after
{Heap after GC invocations=16 (full 0):
 garbage-first heap   total 151552K, used 27411K [0x0000000702c00000, 0x0000000800000000)
  region size 2048K, 4 young (8192K), 4 survivors (8192K)
 Metaspace       used 57960K, committed 58368K, reserved 1114112K
  class space    used 7241K, committed 7424K, reserved 1048576K
}
Event: 4.214 GC heap before
{Heap before GC invocations=16 (full 0):
 garbage-first heap   total 151552K, used 62227K [0x0000000702c00000, 0x0000000800000000)
  region size 2048K, 22 young (45056K), 4 survivors (8192K)
 Metaspace       used 59892K, committed 60288K, reserved 1114112K
  class space    used 7512K, committed 7744K, reserved 1048576K
}
Event: 4.218 GC heap after
{Heap after GC invocations=17 (full 0):
 garbage-first heap   total 151552K, used 29022K [0x0000000702c00000, 0x0000000800000000)
  region size 2048K, 4 young (8192K), 4 survivors (8192K)
 Metaspace       used 59892K, committed 60288K, reserved 1114112K
  class space    used 7512K, committed 7744K, reserved 1048576K
}
Event: 7.084 GC heap before
{Heap before GC invocations=18 (full 0):
 garbage-first heap   total 116736K, used 90462K [0x0000000702c00000, 0x0000000800000000)
  region size 2048K, 34 young (69632K), 4 survivors (8192K)
 Metaspace       used 64493K, committed 64960K, reserved 1114112K
  class space    used 8124K, committed 8384K, reserved 1048576K
}
Event: 7.090 GC heap after
{Heap after GC invocations=19 (full 0):
 garbage-first heap   total 116736K, used 31396K [0x0000000702c00000, 0x0000000800000000)
  region size 2048K, 4 young (8192K), 4 survivors (8192K)
 Metaspace       used 64493K, committed 64960K, reserved 1114112K
  class space    used 8124K, committed 8384K, reserved 1048576K
}
Event: 7.108 GC heap before
{Heap before GC invocations=19 (full 0):
 garbage-first heap   total 116736K, used 33444K [0x0000000702c00000, 0x0000000800000000)
  region size 2048K, 5 young (10240K), 4 survivors (8192K)
 Metaspace       used 64767K, committed 65280K, reserved 1114112K
  class space    used 8143K, committed 8384K, reserved 1048576K
}
Event: 7.112 GC heap after
{Heap after GC invocations=20 (full 0):
 garbage-first heap   total 116736K, used 31964K [0x0000000702c00000, 0x0000000800000000)
  region size 2048K, 1 young (2048K), 1 survivors (2048K)
 Metaspace       used 64767K, committed 65280K, reserved 1114112K
  class space    used 8143K, committed 8384K, reserved 1048576K
}

Dll operation events (13 events):
Event: 0.005 Loaded shared library C:\Program Files\Java\jdk-19\bin\java.dll
Event: 0.011 Loaded shared library C:\Program Files\Java\jdk-19\bin\jsvml.dll
Event: 0.102 Loaded shared library C:\Program Files\Java\jdk-19\bin\zip.dll
Event: 0.104 Loaded shared library C:\Program Files\Java\jdk-19\bin\instrument.dll
Event: 0.108 Loaded shared library C:\Program Files\Java\jdk-19\bin\net.dll
Event: 0.109 Loaded shared library C:\Program Files\Java\jdk-19\bin\nio.dll
Event: 0.111 Loaded shared library C:\Program Files\Java\jdk-19\bin\zip.dll
Event: 0.192 Loaded shared library C:\Program Files\Java\jdk-19\bin\jimage.dll
Event: 0.220 Loaded shared library C:\Program Files\Java\jdk-19\bin\verify.dll
Event: 0.656 Loaded shared library C:\Program Files\Java\jdk-19\bin\management.dll
Event: 0.657 Loaded shared library C:\Program Files\Java\jdk-19\bin\management_ext.dll
Event: 2.134 Loaded shared library C:\Program Files\Java\jdk-19\bin\sunmscapi.dll
Event: 2.645 Loaded shared library C:\Program Files\Java\jdk-19\bin\extnet.dll

Deoptimization events (20 events):
Event: 7.324 Thread 0x000001278d93fa10 DEOPT PACKING pc=0x00000127ef3c63f8 sp=0x00000013273fbfb0
Event: 7.324 Thread 0x000001278d93fa10 DEOPT UNPACKING pc=0x00000127eee56da3 sp=0x00000013273fbeb8 mode 2
Event: 7.324 Thread 0x000001278d93fa10 Uncommon trap: trap_request=0xffffff45 fr.pc=0x00000127ef3c1814 relative=0x00000000000000f4
Event: 7.324 Thread 0x000001278d93fa10 Uncommon trap: reason=unstable_if action=reinterpret pc=0x00000127ef3c1814 method=java.lang.String.getBytes([BIB)V @ 5 c2
Event: 7.324 Thread 0x000001278d93fa10 DEOPT PACKING pc=0x00000127ef3c1814 sp=0x00000013273fbec0
Event: 7.324 Thread 0x000001278d93fa10 DEOPT UNPACKING pc=0x00000127eee56da3 sp=0x00000013273fbe98 mode 2
Event: 7.324 Thread 0x000001278d93fa10 Uncommon trap: trap_request=0xffffff45 fr.pc=0x00000127ef41d9b8 relative=0x0000000000000398
Event: 7.324 Thread 0x000001278d93fa10 Uncommon trap: reason=unstable_if action=reinterpret pc=0x00000127ef41d9b8 method=java.lang.String.<init>(Ljava/lang/AbstractStringBuilder;Ljava/lang/Void;)V @ 19 c2
Event: 7.324 Thread 0x000001278d93fa10 DEOPT PACKING pc=0x00000127ef41d9b8 sp=0x00000013273fbff0
Event: 7.324 Thread 0x000001278d93fa10 DEOPT UNPACKING pc=0x00000127eee56da3 sp=0x00000013273fbf08 mode 2
Event: 7.324 Thread 0x000001278d93fa10 Uncommon trap: trap_request=0xffffff45 fr.pc=0x00000127ef3e9f3c relative=0x000000000000003c
Event: 7.324 Thread 0x000001278d93fa10 Uncommon trap: reason=unstable_if action=reinterpret pc=0x00000127ef3e9f3c method=java.util.Objects.requireNonNull(Ljava/lang/Object;Ljava/lang/String;)Ljava/lang/Object; @ 1 c2
Event: 7.324 Thread 0x000001278d93fa10 DEOPT PACKING pc=0x00000127ef3e9f3c sp=0x00000013273fbe80
Event: 7.324 Thread 0x000001278d93fa10 DEOPT UNPACKING pc=0x00000127eee56da3 sp=0x00000013273fbe20 mode 2
Event: 86.217 Thread 0x000001278d93fa10 DEOPT PACKING pc=0x00000127e833f504 sp=0x00000013273fc260
Event: 86.217 Thread 0x000001278d93fa10 DEOPT UNPACKING pc=0x00000127eee57543 sp=0x00000013273fb708 mode 0
Event: 86.229 Thread 0x00000127882c0ab0 Uncommon trap: trap_request=0xffffff45 fr.pc=0x00000127ef50a54c relative=0x000000000000028c
Event: 86.229 Thread 0x00000127882c0ab0 Uncommon trap: reason=unstable_if action=reinterpret pc=0x00000127ef50a54c method=sun.instrument.InstrumentationImpl.transform(Ljava/lang/Module;Ljava/lang/ClassLoader;Ljava/lang/String;Ljava/lang/Class;Ljava/security/ProtectionDomain;[BZ)[B @ 24 c2
Event: 86.229 Thread 0x00000127882c0ab0 DEOPT PACKING pc=0x00000127ef50a54c sp=0x0000001325afe910
Event: 86.229 Thread 0x00000127882c0ab0 DEOPT UNPACKING pc=0x00000127eee56da3 sp=0x0000001325afe908 mode 2

Classes loaded (20 events):
Event: 7.115 Loading class java/util/stream/ReferencePipeline$4$1
Event: 7.115 Loading class java/util/stream/ReferencePipeline$4$1 done
Event: 7.152 Loading class jdk/internal/reflect/MethodHandleBooleanFieldAccessorImpl
Event: 7.152 Loading class jdk/internal/reflect/MethodHandleBooleanFieldAccessorImpl done
Event: 7.293 Loading class java/lang/foreign/MemorySegment
Event: 7.294 Loading class java/lang/foreign/Addressable
Event: 7.294 Loading class java/lang/foreign/Addressable done
Event: 7.294 Loading class java/lang/foreign/MemorySegment done
Event: 7.325 Loading class java/time/zone/ZoneRulesProvider
Event: 7.325 Loading class java/time/zone/ZoneRulesProvider done
Event: 7.325 Loading class java/time/zone/ZoneRulesProvider$1
Event: 7.325 Loading class java/time/zone/ZoneRulesProvider$1 done
Event: 7.325 Loading class java/time/zone/TzdbZoneRulesProvider
Event: 7.325 Loading class java/time/zone/TzdbZoneRulesProvider done
Event: 7.327 Loading class java/time/zone/Ser
Event: 7.327 Loading class java/time/zone/Ser done
Event: 13.901 Loading class java/text/ParsePosition
Event: 13.901 Loading class java/text/ParsePosition done
Event: 25.327 Loading class java/text/CalendarBuilder
Event: 25.327 Loading class java/text/CalendarBuilder done

Classes unloaded (0 events):
No events

Classes redefined (1 events):
Event: 86.239 Thread 0x00000127ff194750 redefined class name=com.Ecomerce.API.controllers.AdminController, count=1

Internal exceptions (20 events):
Event: 4.105 Thread 0x00000127df95e330 Exception <a 'java/lang/ClassNotFoundException'{0x000000070ae14d70}: java/lang/ObjectCustomizer> (0x000000070ae14d70) 
thrown [s\open\src\hotspot\share\classfile\systemDictionary.cpp, line 255]
Event: 4.105 Thread 0x00000127df95e330 Exception <a 'java/lang/ClassNotFoundException'{0x000000070ae1b488}: org/springframework/security/config/annotation/web/configuration/WebSecurityConfigurationCustomizer> (0x000000070ae1b488) 
thrown [s\open\src\hotspot\share\classfile\systemDictionary.cpp, line 255]
Event: 4.105 Thread 0x00000127df95e330 Exception <a 'java/lang/ClassNotFoundException'{0x000000070ae273b0}: org/springframework/context/annotation/ImportAwareCustomizer> (0x000000070ae273b0) 
thrown [s\open\src\hotspot\share\classfile\systemDictionary.cpp, line 255]
Event: 4.106 Thread 0x00000127df95e330 Exception <a 'java/lang/ClassNotFoundException'{0x000000070ae2ad98}: org/springframework/beans/factory/AwareCustomizer> (0x000000070ae2ad98) 
thrown [s\open\src\hotspot\share\classfile\systemDictionary.cpp, line 255]
Event: 4.106 Thread 0x00000127df95e330 Exception <a 'java/lang/ClassNotFoundException'{0x000000070ae2db30}: org/springframework/beans/factory/BeanClassLoaderAwareCustomizer> (0x000000070ae2db30) 
thrown [s\open\src\hotspot\share\classfile\systemDictionary.cpp, line 255]
Event: 4.106 Thread 0x00000127df95e330 Exception <a 'java/lang/ClassNotFoundException'{0x000000070ae314f8}: org/springframework/beans/factory/AwareCustomizer> (0x000000070ae314f8) 
thrown [s\open\src\hotspot\share\classfile\systemDictionary.cpp, line 255]
Event: 4.128 Thread 0x00000127df95e330 Implicit null exception at 0x00000127ef4fc5c6 to 0x00000127ef4fc69e
Event: 4.295 Thread 0x00000127df95e330 Exception <a 'java/lang/IncompatibleClassChangeError'{0x00000007088b3430}: Found class java.lang.Object, but interface was expected> (0x00000007088b3430) 
thrown [s\open\src\hotspot\share\interpreter\linkResolver.cpp, line 841]
Event: 4.335 Thread 0x00000127df95e330 Exception <a 'java/lang/ClassNotFoundException'{0x000000070806bf98}: java/lang/ObjectCustomizer> (0x000000070806bf98) 
thrown [s\open\src\hotspot\share\classfile\systemDictionary.cpp, line 255]
Event: 4.336 Thread 0x00000127df95e330 Exception <a 'java/lang/ClassNotFoundException'{0x00000007080726c0}: org/springframework/security/config/annotation/web/configuration/HttpSecurityConfigurationCustomizer> (0x00000007080726c0) 
thrown [s\open\src\hotspot\share\classfile\systemDictionary.cpp, line 255]
Event: 4.348 Thread 0x00000127df95e330 Exception <a 'java/lang/NoSuchMethodError'{0x00000007081bd4f8}: 'java.lang.Object java.lang.invoke.DirectMethodHandle$Holder.invokeInterface(java.lang.Object, java.lang.Object, java.lang.Object, java.lang.Object)'> (0x00000007081bd4f8) 
thrown [s\open\src\hotspot\share\interpreter\linkResolver.cpp, line 774]
Event: 4.376 Thread 0x00000127df95e330 Exception <a 'java/lang/NoSuchMethodError'{0x0000000707ca2a20}: 'void java.lang.invoke.DirectMethodHandle$Holder.invokeVirtual(java.lang.Object, java.lang.Object, long)'> (0x0000000707ca2a20) 
thrown [s\open\src\hotspot\share\interpreter\linkResolver.cpp, line 774]
Event: 4.422 Thread 0x00000127df95e330 Exception <a 'java/lang/NoSuchMethodError'{0x00000007075515f8}: 'int java.lang.invoke.DirectMethodHandle$Holder.invokeStaticInit(java.lang.Object, java.lang.Object, java.lang.Object, java.lang.Object)'> (0x00000007075515f8) 
thrown [s\open\src\hotspot\share\interpreter\linkResolver.cpp, line 774]
Event: 4.474 Thread 0x00000127df95e330 Exception <a 'java/lang/NoSuchMethodError'{0x0000000706c4df18}: 'java.lang.Object java.lang.invoke.DirectMethodHandle$Holder.invokeSpecial(java.lang.Object, java.lang.Object, int, java.lang.Object, int, java.lang.Object)'> (0x0000000706c4df18) 
thrown [s\open\src\hotspot\share\interpreter\linkResolver.cpp, line 774]
Event: 4.475 Thread 0x00000127df95e330 Exception <a 'java/lang/NoSuchMethodError'{0x0000000706c55cf0}: 'java.lang.Object java.lang.invoke.DirectMethodHandle$Holder.newInvokeSpecial(java.lang.Object, java.lang.Object, int, java.lang.Object, int)'> (0x0000000706c55cf0) 
thrown [s\open\src\hotspot\share\interpreter\linkResolver.cpp, line 774]
Event: 4.475 Thread 0x00000127df95e330 Exception <a 'java/lang/NoSuchMethodError'{0x0000000706c59e08}: 'java.lang.Object java.lang.invoke.DirectMethodHandle$Holder.invokeSpecial(java.lang.Object, java.lang.Object, java.lang.Object, int, java.lang.Object, int)'> (0x0000000706c59e08) 
thrown [s\open\src\hotspot\share\interpreter\linkResolver.cpp, line 774]
Event: 7.079 Thread 0x000001278d93fa10 Exception <a 'java/lang/NoSuchMethodError'{0x00000007059385d0}: 'java.lang.Object java.lang.invoke.DirectMethodHandle$Holder.invokeInterface(java.lang.Object, java.lang.Object, java.lang.Object, java.lang.Object, java.lang.Object)'> (0x00000007059385d0) 
thrown [s\open\src\hotspot\share\interpreter\linkResolver.cpp, line 774]
Event: 7.142 Thread 0x000001278d93fa10 Exception <a 'java/lang/NoSuchMethodError'{0x00000007098ee838}: 'java.lang.Object java.lang.invoke.DirectMethodHandle$Holder.invokeStaticInit(java.lang.Object, java.lang.Object, java.lang.Object, java.lang.Object, java.lang.Object, java.lang.Object)'> (0x00000007098ee838) 
thrown [s\open\src\hotspot\share\interpreter\linkResolver.cpp, line 774]
Event: 7.153 Thread 0x000001278d93fa10 Exception <a 'java/lang/NoSuchMethodError'{0x0000000709607340}: 'void java.lang.invoke.Invokers$Holder.invokeExact_MT(java.lang.Object, java.lang.Object, int, java.lang.Object)'> (0x0000000709607340) 
thrown [s\open\src\hotspot\share\interpreter\linkResolver.cpp, line 774]
Event: 7.161 Thread 0x000001278d93fa10 Implicit null exception at 0x00000127ef3cf372 to 0x00000127ef3cf87c

VM Operations (20 events):
Event: 32.093 Executing VM operation: get/set locals
Event: 32.093 Executing VM operation: get/set locals done
Event: 32.093 Executing VM operation: get/set locals
Event: 32.093 Executing VM operation: get/set locals done
Event: 67.421 Executing VM operation: Cleanup
Event: 67.421 Executing VM operation: Cleanup done
Event: 86.217 Executing VM operation: ChangeSingleStep
Event: 86.217 Executing VM operation: ChangeSingleStep done
Event: 86.217 Executing VM operation: ChangeSingleStep
Event: 86.217 Executing VM operation: ChangeSingleStep done
Event: 86.230 Executing VM operation: RedefineClasses
Event: 86.259 Executing VM operation: RedefineClasses done
Event: 86.272 Executing VM operation: ChangeBreakpoints
Event: 86.273 Executing VM operation: ChangeBreakpoints done
Event: 86.286 Executing VM operation: ChangeBreakpoints
Event: 86.287 Executing VM operation: ChangeBreakpoints done
Event: 86.287 Executing VM operation: ChangeBreakpoints
Event: 86.288 Executing VM operation: ChangeBreakpoints done
Event: 86.290 Executing VM operation: ChangeSingleStep
Event: 86.290 Executing VM operation: ChangeSingleStep done

Events (20 events):
Event: 7.098 Thread 0x00000127ff1d3670 flushing nmethod 0x00000127e8503f10
Event: 7.098 Thread 0x00000127ff1d3670 flushing nmethod 0x00000127e8506a10
Event: 7.098 Thread 0x00000127ff1d3670 flushing nmethod 0x00000127e8508890
Event: 7.098 Thread 0x00000127ff1d3670 flushing nmethod 0x00000127e851b990
Event: 7.098 Thread 0x00000127ff1d3670 flushing nmethod 0x00000127e8568d10
Event: 7.098 Thread 0x00000127ff1d3670 flushing nmethod 0x00000127e8580f90
Event: 7.098 Thread 0x00000127ff1d3670 flushing nmethod 0x00000127e858b810
Event: 7.098 Thread 0x00000127ff1d3670 flushing nmethod 0x00000127e858ee90
Event: 7.099 Thread 0x00000127ff1d3670 flushing nmethod 0x00000127e85c0f10
Event: 7.099 Thread 0x00000127ff1d3670 flushing nmethod 0x00000127e85d9a10
Event: 7.099 Thread 0x00000127ff1d3670 flushing nmethod 0x00000127e85ef510
Event: 7.099 Thread 0x00000127ff1d3670 flushing nmethod 0x00000127e85f6e10
Event: 7.099 Thread 0x00000127ff1d3670 flushing nmethod 0x00000127e85ff490
Event: 7.099 Thread 0x00000127ff1d3670 flushing nmethod 0x00000127e863dd10
Event: 7.099 Thread 0x00000127ff1d3670 flushing nmethod 0x00000127e86bc990
Event: 7.099 Thread 0x00000127ff1d3670 flushing nmethod 0x00000127e86bcf90
Event: 7.127 Thread 0x000001278ebf3a70 Thread added: 0x000001278ebf3a70
Event: 8.071 Thread 0x000001278991f680 Thread exited: 0x000001278991f680
Event: 8.071 Thread 0x000001278ebf3a70 Thread exited: 0x000001278ebf3a70
Event: 13.081 Thread 0x000001278834ad50 Thread exited: 0x000001278834ad50


Dynamic libraries:
0x00007ff71a770000 - 0x00007ff71a780000 	C:\Program Files\Java\jdk-19\bin\javaw.exe
0x00007ff82d1f0000 - 0x00007ff82d3e8000 	C:\WINDOWS\SYSTEM32\ntdll.dll
0x00007ff82bce0000 - 0x00007ff82bd9f000 	C:\WINDOWS\System32\KERNEL32.DLL
0x00007ff82ad10000 - 0x00007ff82afe2000 	C:\WINDOWS\System32\KERNELBASE.dll
0x00007ff82a930000 - 0x00007ff82aa30000 	C:\WINDOWS\System32\ucrtbase.dll
0x00007ff823f70000 - 0x00007ff823f88000 	C:\Program Files\Java\jdk-19\bin\jli.dll
0x00007ff820e50000 - 0x00007ff820e6b000 	C:\Program Files\Java\jdk-19\bin\VCRUNTIME140.dll
0x00007ff82cf50000 - 0x00007ff82cffe000 	C:\WINDOWS\System32\ADVAPI32.dll
0x00007ff82b460000 - 0x00007ff82b4fe000 	C:\WINDOWS\System32\msvcrt.dll
0x00007ff82c670000 - 0x00007ff82c70c000 	C:\WINDOWS\System32\sechost.dll
0x00007ff82c3b0000 - 0x00007ff82c4d5000 	C:\WINDOWS\System32\RPCRT4.dll
0x00007ff82b230000 - 0x00007ff82b3d1000 	C:\WINDOWS\System32\USER32.dll
0x00007ff82ac40000 - 0x00007ff82ac62000 	C:\WINDOWS\System32\win32u.dll
0x00007ff82cec0000 - 0x00007ff82ceeb000 	C:\WINDOWS\System32\GDI32.dll
0x00007ff818e80000 - 0x00007ff81911a000 	C:\WINDOWS\WinSxS\amd64_microsoft.windows.common-controls_6595b64144ccf1df_6.0.19041.1110_none_60b5254171f9507e\COMCTL32.dll
0x00007ff82b090000 - 0x00007ff82b19f000 	C:\WINDOWS\System32\gdi32full.dll
0x00007ff82ac70000 - 0x00007ff82ad0d000 	C:\WINDOWS\System32\msvcp_win.dll
0x00007ff8243b0000 - 0x00007ff8243ba000 	C:\WINDOWS\SYSTEM32\VERSION.dll
0x00007ff82c020000 - 0x00007ff82c052000 	C:\WINDOWS\System32\IMM32.DLL
0x00007ff8254c0000 - 0x00007ff8254cc000 	C:\Program Files\Java\jdk-19\bin\vcruntime140_1.dll
0x00007fffd8460000 - 0x00007fffd84ee000 	C:\Program Files\Java\jdk-19\bin\msvcp140.dll
0x00007fff65dd0000 - 0x00007fff66a90000 	C:\Program Files\Java\jdk-19\bin\server\jvm.dll
0x00007ff81d0a0000 - 0x00007ff81d0c7000 	C:\WINDOWS\SYSTEM32\WINMM.dll
0x00007ff8252e0000 - 0x00007ff8252e9000 	C:\WINDOWS\SYSTEM32\WSOCK32.dll
0x00007ff82c080000 - 0x00007ff82c0eb000 	C:\WINDOWS\System32\WS2_32.dll
0x00007ff8286c0000 - 0x00007ff8286d2000 	C:\WINDOWS\SYSTEM32\kernel.appcore.dll
0x00007ff824090000 - 0x00007ff82409a000 	C:\Program Files\Java\jdk-19\bin\jimage.dll
0x00007ff820b40000 - 0x00007ff820d24000 	C:\WINDOWS\SYSTEM32\DBGHELP.DLL
0x00007ff820b00000 - 0x00007ff820b35000 	C:\WINDOWS\SYSTEM32\dbgcore.DLL
0x00007ff82b1a0000 - 0x00007ff82b222000 	C:\WINDOWS\System32\bcryptPrimitives.dll
0x00007ffff0d60000 - 0x00007ffff0d9c000 	C:\Program Files\Java\jdk-19\bin\jdwp.dll
0x00007ff825fe0000 - 0x00007ff825fee000 	C:\Program Files\Java\jdk-19\bin\instrument.dll
0x00007ffff0670000 - 0x00007ffff0696000 	C:\Program Files\Java\jdk-19\bin\java.dll
0x00007fffac0e0000 - 0x00007fffac1b7000 	C:\Program Files\Java\jdk-19\bin\jsvml.dll
0x00007ff82c710000 - 0x00007ff82ce54000 	C:\WINDOWS\System32\SHELL32.dll
0x00007ff8289a0000 - 0x00007ff829132000 	C:\WINDOWS\SYSTEM32\windows.storage.dll
0x00007ff82b500000 - 0x00007ff82b855000 	C:\WINDOWS\System32\combase.dll
0x00007ff82a340000 - 0x00007ff82a370000 	C:\WINDOWS\SYSTEM32\Wldp.dll
0x00007ff82c300000 - 0x00007ff82c3ad000 	C:\WINDOWS\System32\SHCORE.dll
0x00007ff82ce60000 - 0x00007ff82ceb5000 	C:\WINDOWS\System32\shlwapi.dll
0x00007ff82a820000 - 0x00007ff82a83f000 	C:\WINDOWS\SYSTEM32\profapi.dll
0x00007ff825fd0000 - 0x00007ff825fdc000 	C:\Program Files\Java\jdk-19\bin\dt_socket.dll
0x00007ff829d40000 - 0x00007ff829d7b000 	C:\WINDOWS\SYSTEM32\IPHLPAPI.DLL
0x00007ff82a0a0000 - 0x00007ff82a10a000 	C:\WINDOWS\system32\mswsock.dll
0x00007ff829d80000 - 0x00007ff829e4a000 	C:\WINDOWS\SYSTEM32\DNSAPI.dll
0x00007ff82c070000 - 0x00007ff82c078000 	C:\WINDOWS\System32\NSI.dll
0x00007ff821ea0000 - 0x00007ff821eaa000 	C:\Windows\System32\rasadhlp.dll
0x00007ff821b90000 - 0x00007ff821c10000 	C:\WINDOWS\System32\fwpuclnt.dll
0x00007ff82aff0000 - 0x00007ff82b017000 	C:\WINDOWS\System32\bcrypt.dll
0x00007ffff1b00000 - 0x00007ffff1b18000 	C:\Program Files\Java\jdk-19\bin\zip.dll
0x00007ff8206e0000 - 0x00007ff8206f3000 	C:\Program Files\Java\jdk-19\bin\net.dll
0x00007ff8233b0000 - 0x00007ff8234bc000 	C:\WINDOWS\SYSTEM32\WINHTTP.dll
0x00007ff8203b0000 - 0x00007ff8203c6000 	C:\Program Files\Java\jdk-19\bin\nio.dll
0x00007ff820dd0000 - 0x00007ff820de0000 	C:\Program Files\Java\jdk-19\bin\verify.dll
0x00007ff8258c0000 - 0x00007ff8258ca000 	C:\Program Files\Java\jdk-19\bin\management.dll
0x00007ff825310000 - 0x00007ff82531b000 	C:\Program Files\Java\jdk-19\bin\management_ext.dll
0x00007ff82b860000 - 0x00007ff82b868000 	C:\WINDOWS\System32\PSAPI.DLL
0x00007ffff9fb0000 - 0x00007ffff9fc7000 	C:\WINDOWS\system32\napinsp.dll
0x00007ffff9d10000 - 0x00007ffff9d2b000 	C:\WINDOWS\system32\pnrpnsp.dll
0x00007ffff9ca0000 - 0x00007ffff9cb5000 	C:\WINDOWS\system32\wshbth.dll
0x00007ff825210000 - 0x00007ff82522d000 	C:\WINDOWS\system32\NLAapi.dll
0x00007ffff91f0000 - 0x00007ffff9202000 	C:\WINDOWS\System32\winrnr.dll
0x00007ff82a290000 - 0x00007ff82a2a8000 	C:\WINDOWS\SYSTEM32\CRYPTSP.dll
0x00007ff829950000 - 0x00007ff829984000 	C:\WINDOWS\system32\rsaenh.dll
0x00007ff82a7a0000 - 0x00007ff82a7ce000 	C:\WINDOWS\SYSTEM32\USERENV.dll
0x00007ff82a2b0000 - 0x00007ff82a2bc000 	C:\WINDOWS\SYSTEM32\CRYPTBASE.dll
0x00007ff824b70000 - 0x00007ff824b87000 	C:\WINDOWS\SYSTEM32\dhcpcsvc6.DLL
0x00007ff824b50000 - 0x00007ff824b6d000 	C:\WINDOWS\SYSTEM32\dhcpcsvc.DLL
0x00007ff820660000 - 0x00007ff82066e000 	C:\Program Files\Java\jdk-19\bin\sunmscapi.dll
0x00007ff82aae0000 - 0x00007ff82ac36000 	C:\WINDOWS\System32\CRYPT32.dll
0x00007ff82a3b0000 - 0x00007ff82a3d7000 	C:\WINDOWS\SYSTEM32\ncrypt.dll
0x00007ff82a370000 - 0x00007ff82a3ab000 	C:\WINDOWS\SYSTEM32\NTASN1.dll
0x00007ff818d00000 - 0x00007ff818d08000 	C:\Program Files\Java\jdk-19\bin\extnet.dll
0x00007fffdb5f0000 - 0x00007fffdb5f7000 	C:\WINDOWS\system32\wshunix.dll

dbghelp: loaded successfully - version: 4.0.5 - missing functions: none
symbol engine: initialized successfully - sym options: 0x614 - pdb path: .;C:\Program Files\Java\jdk-19\bin;C:\WINDOWS\SYSTEM32;C:\WINDOWS\WinSxS\amd64_microsoft.windows.common-controls_6595b64144ccf1df_6.0.19041.1110_none_60b5254171f9507e;C:\Program Files\Java\jdk-19\bin\server

VM Arguments:
jvm_args: -XX:+ShowCodeDetailsInExceptionMessages -agentlib:jdwp=transport=dt_socket,suspend=y,address=localhost:50244 -javaagent:C:\Users\TVD\eclipse\jee-2022-12\eclipse\configuration\org.eclipse.osgi\420\0\.cp\lib\javaagent-shaded.jar -Dfile.encoding=UTF-8 
java_command: com.Ecomerce.API.ApiBackEndFinalProjectEcApplication
java_class_path (initial): E:\Document\HK1-2022-2023\TMDT\Project\ECProject-PA-EC22-03\ECProject-PA-EC22-03\BackEnd\API-Back-end-Final-Project-EC\target\classes;C:\Users\TVD\.m2\repository\org\springframework\boot\spring-boot-starter-data-jpa\2.7.6\spring-boot-starter-data-jpa-2.7.6.jar;C:\Users\TVD\.m2\repository\org\springframework\boot\spring-boot-starter-aop\2.7.6\spring-boot-starter-aop-2.7.6.jar;C:\Users\TVD\.m2\repository\org\aspectj\aspectjweaver\1.9.7\aspectjweaver-1.9.7.jar;C:\Users\TVD\.m2\repository\org\springframework\boot\spring-boot-starter-jdbc\2.7.6\spring-boot-starter-jdbc-2.7.6.jar;C:\Users\TVD\.m2\repository\com\zaxxer\HikariCP\4.0.3\HikariCP-4.0.3.jar;C:\Users\TVD\.m2\repository\org\springframework\spring-jdbc\5.3.24\spring-jdbc-5.3.24.jar;C:\Users\TVD\.m2\repository\jakarta\transaction\jakarta.transaction-api\1.3.3\jakarta.transaction-api-1.3.3.jar;C:\Users\TVD\.m2\repository\jakarta\persistence\jakarta.persistence-api\2.2.3\jakarta.persistence-api-2.2.3.jar;C:\Users\TVD\.m2\repository\org\hibernate\hibernate-core\5.6.14.Final\hibernate-core-5.6.14.Final.jar;C:\Users\TVD\.m2\repository\org\jboss\logging\jboss-logging\3.4.3.Final\jboss-logging-3.4.3.Final.jar;C:\Users\TVD\.m2\repository\net\bytebuddy\byte-buddy\1.12.19\byte-buddy-1.12.19.jar;C:\Users\TVD\.m2\repository\antlr\antlr\2.7.7\antlr-2.7.7.jar;C:\Users\TVD\.m2\repository\org\jboss\jandex\2.4.2.Final\jandex-2.4.2.Final.jar;C:\Users\TVD\.m2\repository\com\fasterxml\classmate\1.5.1\classmate-1.5.1.jar;C:\Users\TVD\.m2\repository\org\hibernate\common\hibernate-commons-annotations\5.1.2.Final\hibernate-commons-annotations-5.1.2.Final.jar;C:\Users\TVD\.m2\repository\org\glassfish\jaxb\jaxb-runtime\2.3.7\jaxb-runtime-2.3.7.jar;C:\Users\TVD\.m2\repository\org\glassfish\jaxb\txw2\2.3.7\txw2-2.3.7.jar;C:\Users\TVD\.m2\repository\com\sun\istack\istack-commons-runtime\3.0.12\istack-commons-runtime-3.0.12.jar;C:\Users\TVD\.m2\repository\com\sun\activation\jakarta.activation\1.2.2\jakarta.activation-1.2.2.jar;C:\Users\TVD\.m2\repository\org\springframework\data\spring-data-jpa\2.7.6\spring-data-jpa-2.7.6.jar;C:\Users\TVD\.m2\repository\org\springframework\data\spring-data-commons\2.7.6\spring-data-commons-2.7.6.jar;C:\Users\TVD\.m2\repository\org\springframework\spring-orm\5.3.24\spring-orm-5.3.24.jar;C:\Users\TVD\.m2\repository\org\springframework\spring-context\5.3.24\spring-context-5.3.24.jar;C:\Users\TVD\.m2\repository\org\springframework\spring-tx\5.3.24\spring-tx-5.3.24.jar;C:\Users\TVD\.m2\repository\org\springframework\spring-beans\5.3.24\spring-beans-5.3.24.jar;C:\Users\TVD\.m2\repository\org\slf4j\slf4j-api\1.7.36\slf4j-api-1.7.36.jar;C:\Users\TVD\.m2\repository\org\springframework\spring-aspects\5.3.24\spring-aspects-5.3.24.jar;C:\Users\TVD\.m2\repository\org\springframework\boot\spring-boot-starter-web\2.7.6\spring-boot-starter-web-2.7.6.jar;C:\Users\TVD\.m2\repository\org\springframework\boot\spring-boot-starter\2.7.6\spring-boot-starter-2.7.6.jar;C:\Users\TVD\.m2\repository\org\springframework\boot\spring-boot\2.7.6\spring-boot-2.7.6.jar;C:\Users\TVD\.m2\repository\org\springframework\boot\spring-boot-autoconfigure\2.7.6\spring-boot-autoconfigure-2.7.6.jar;C:\Users\TVD\.m2\repository\org\springframework\boot\spring-boot-starter-logging\2.7.6\spring-boot-starter-logging-2.7.6.jar;C:\Users\TVD\.m2\repository\ch\qos\logback\logback-classic\1.2.11\logback-classic-1.2.11.jar;C:\Users\TVD\.m2\repository\ch\qos\logback\logback-core\1.2.11\logback-core-1.2.11.jar;C:\Users\TVD\.m2\repository\org\apache\logging\log4j\log4j-to-slf4j\2.17.2\log4j-to-slf4j-2.17.2.jar;C:\Users\TVD\.m2\repository\org\apache\logging\log4j\log4j-api\2.17.2\log4j-api-2.17.2.jar;C:\Users\TVD\.m2\repository\org\slf4j\jul-to-slf4j\1.7.36\jul-to-slf4j-1.7.36.jar;C:\Users\TVD\.m2\repository\jakarta\annotation\jakarta.annotation-api\1.3.5\jakarta.annotation-api-1.3.5.jar;C:\Users\TVD\.m2\repository\org\yaml\snakeyaml\1.30\snakeyaml-1.30.jar;C:\Users\TVD\.m2\repository\org\springframework\boot\spring-boot-starter-json\2.7.6\spring-boot-starter-json-2.7.6.jar;C:\Users\TVD\.m2\repository\com\fasterxml\jackson\datatype\jackson-datatype-jdk8\2.13.4\jackson-datatype-jdk8-2.13.4.jar;C:\Users\TVD\.m2\repository\com\fasterxml\jackson\datatype\jackson-datatype-jsr310\2.13.4\jackson-datatype-jsr310-2.13.4.jar;C:\Users\TVD\.m2\repository\com\fasterxml\jackson\module\jackson-module-parameter-names\2.13.4\jackson-module-parameter-names-2.13.4.jar;C:\Users\TVD\.m2\repository\org\springframework\boot\spring-boot-starter-tomcat\2.7.6\spring-boot-starter-tomcat-2.7.6.jar;C:\Users\TVD\.m2\repository\org\apache\tomcat\embed\tomcat-embed-core\9.0.69\tomcat-embed-core-9.0.69.jar;C:\Users\TVD\.m2\repository\org\apache\tomcat\embed\tomcat-embed-websocket\9.0.69\tomcat-embed-websocket-9.0.69.jar;C:\Users\TVD\.m2\repository\org\springframework\spring-web\5.3.24\spring-web-5.3.24.jar;C:\Users\TVD\.m2\repository\org\springframework\spring-webmvc\5.3.24\spring-webmvc-5.3.24.jar;C:\Users\TVD\.m2\repository\org\springframework\spring-expression\5.3.24\spring-expression-5.3.24.jar;C:\Users\TVD\.m2\repository\com\microsoft\sqlserver\mssql-jdbc\10.2.1.jre8\mssql-jdbc-10.2.1.jre8.jar;C:\Users\TVD\.m2\repository\jakarta\xml\bind\jakarta.xml.bind-api\2.3.3\jakarta.xml.bind-api-2.3.3.jar;C:\Users\TVD\.m2\repository\jakarta\activation\jakarta.activation-api\1.2.2\jakarta.activation-api-1.2.2.jar;C:\Users\TVD\.m2\repository\org\springframework\spring-core\5.3.24\spring-core-5.3.24.jar;C:\Users\TVD\.m2\repository\org\springframework\spring-jcl\5.3.24\spring-jcl-5.3.24.jar;C:\Users\TVD\.m2\repository\org\springframework\boot\spring-boot-starter-validation\2.7.6\spring-boot-starter-validation-2.7.6.jar;C:\Users\TVD\.m2\repository\org\apache\tomcat\embed\tomcat-embed-el\9.0.69\tomcat-embed-el-9.0.69.jar;C:\Users\TVD\.m2\repository\org\hibernate\validator\hibernate-validator\6.2.5.Final\hibernate-validator-6.2.5.Final.jar;C:\Users\TVD\.m2\repository\jakarta\validation\jakarta.validation-api\2.0.2\jakarta.validation-api-2.0.2.jar;C:\Users\TVD\.m2\repository\org\springframework\boot\spring-boot-starter-security\2.7.6\spring-boot-starter-security-2.7.6.jar;C:\Users\TVD\.m2\repository\org\springframework\spring-aop\5.3.24\spring-aop-5.3.24.jar;C:\Users\TVD\.m2\repository\org\springframework\security\spring-security-config\5.7.5\spring-security-config-5.7.5.jar;C:\Users\TVD\.m2\repository\org\springframework\security\spring-security-core\5.7.5\spring-security-core-5.7.5.jar;C:\Users\TVD\.m2\repository\org\springframework\security\spring-security-crypto\5.7.5\spring-security-crypto-5.7.5.jar;C:\Users\TVD\.m2\repository\org\springframework\security\spring-security-web\5.7.5\spring-security-web-5.7.5.jar;C:\Users\TVD\.m2\repository\io\jsonwebtoken\jjwt\0.9.1\jjwt-0.9.1.jar;C:\Users\TVD\.m2\repository\com\fasterxml\jackson\core\jackson-databind\2.13.4.2\jackson-databind-2.13.4.2.jar;C:\Users\TVD\.m2\repository\com\fasterxml\jackson\core\jackson-annotations\2.13.4\jackson-annotations-2.13.4.jar;C:\Users\TVD\.m2\repository\com\fasterxml\jackson\core\jackson-core\2.13.4\jackson-core-2.13.4.jar
Launcher Type: SUN_STANDARD

[Global flags]
     intx CICompilerCount                          = 4                                         {product} {ergonomic}
     uint ConcGCThreads                            = 3                                         {product} {ergonomic}
     uint G1ConcRefinementThreads                  = 10                                        {product} {ergonomic}
   size_t G1HeapRegionSize                         = 2097152                                   {product} {ergonomic}
    uintx GCDrainStackTargetSize                   = 64                                        {product} {ergonomic}
   size_t InitialHeapSize                          = 266338304                                 {product} {ergonomic}
   size_t MarkStackSize                            = 4194304                                   {product} {ergonomic}
   size_t MaxHeapSize                              = 4248829952                                {product} {ergonomic}
   size_t MaxNewSize                               = 2548039680                                {product} {ergonomic}
   size_t MinHeapDeltaBytes                        = 2097152                                   {product} {ergonomic}
   size_t MinHeapSize                              = 8388608                                   {product} {ergonomic}
    uintx NonNMethodCodeHeapSize                   = 5839372                                {pd product} {ergonomic}
    uintx NonProfiledCodeHeapSize                  = 122909434                              {pd product} {ergonomic}
    uintx ProfiledCodeHeapSize                     = 122909434                              {pd product} {ergonomic}
    uintx ReservedCodeCacheSize                    = 251658240                              {pd product} {ergonomic}
     bool SegmentedCodeCache                       = true                                      {product} {ergonomic}
     bool ShowCodeDetailsInExceptionMessages       = true                                   {manageable} {command line}
   size_t SoftMaxHeapSize                          = 4248829952                             {manageable} {ergonomic}
     bool UseCompressedClassPointers               = true                           {product lp64_product} {ergonomic}
     bool UseCompressedOops                        = true                           {product lp64_product} {ergonomic}
     bool UseG1GC                                  = true                                      {product} {ergonomic}
     bool UseLargePagesIndividualAllocation        = false                                  {pd product} {ergonomic}

Logging:
Log output configuration:
 #0: stdout all=warning uptime,level,tags foldmultilines=false
 #1: stderr all=off uptime,level,tags foldmultilines=false

Environment Variables:
JAVA_HOME=C:\Program Files\Java\jdk-19
PATH=C:\Program Files\Eclipse Foundation\jdk-8.0.302.8-hotspot\bin;C:\Program Files\Common Files\Oracle\Java\javapath;C:\Program Files (x86)\VMware\VMware Player\bin\;C:\Python310\Scripts\;C:\Python310\;C:\Windows\system32;C:\Windows;C:\Windows\System32\Wbem;C:\Windows\System32\WindowsPowerShell\v1.0\;C:\Windows\System32\OpenSSH\;C:\Program Files (x86)\NVIDIA Corporation\PhysX\Common;C:\Program Files\NVIDIA Corporation\NVIDIA NvDLISR;C:\Program Files\Microsoft SQL Server\Client SDK\ODBC\170\Tools\Binn\;C:\Program Files\dotnet\;C:\WINDOWS\system32;C:\WINDOWS;C:\WINDOWS\System32\Wbem;C:\WINDOWS\System32\WindowsPowerShell\v1.0\;C:\WINDOWS\System32\OpenSSH\;C:\Users\TVD\AppData\Local\Programs\Microsoft VS Code\bin;C:\MinGW\bin;C:\MinGW\bin;C:\Program Files\Azure Data Studio\bin;C:\Program Files\Git\cmd;C:\Program Files (x86)\Microsoft SQL Server\150\Tools\Binn\;C:\Program Files\Microsoft SQL Server\150\Tools\Binn\;C:\Program Files\Microsoft SQL Server\150\DTS\Binn\;C:\Program Files (x86)\Microsoft SQL Server\150\DTS\Binn\;C:\Program Files\Microsoft SQL Server\130\Tools\Binn\;C:\Program Files\nodejs\;C:\ProgramData\chocolatey\bin;C:\Program Files\PuTTY\;C:\Program Files\Amazon\AWSCLIV2\;C:\Program Files\Java\jdk-19\bin;C:\apache-maven-3.8.6\bin;C:\Program Files\MongoDB\Server\6.0\bin;C:\Users\TVD\anaconda3;C:\Users\TVD\anaconda3\Library\mingw-w64\bin;C:\Users\TVD\anaconda3\Library\usr\bin;C:\Users\TVD\anaconda3\Library\bin;C:\Users\TVD\anaconda3\Scripts;C:\Program Files\MySQL\MySQL Shell 8.0\bin\;C:\Users\TVD\AppData\Local\Programs\Python\Python39\Scripts\;C:\Users\TVD\AppData\Local\Programs\Python\Python39\;C:\Users\TVD\AppData\Local\Microsoft\WindowsApps;C:\Users\TVD\.dotnet\tools;C:\MinGW\bin;C:\Program Files\Azure Data Studio\bin;C:\Program Files\JetBrains\CLion 2021.2.1\bin;;C:\Users\TVD\AppData\Local\Programs\Microsoft VS Code\bin;C:\Users\TVD\AppData\Local\GitHubDesktop\bin;C:\Program Files\JetBrains\PyCharm 2021.3.2\bin;;C:\Users\TVD\AppData\Roaming\npm
USERNAME=TVD
OS=Windows_NT
PROCESSOR_IDENTIFIER=Intel64 Family 6 Model 165 Stepping 2, GenuineIntel
TMP=C:\Users\TVD\AppData\Local\Temp
TEMP=C:\Users\TVD\AppData\Local\Temp



---------------  S Y S T E M  ---------------

OS:
 Windows 10 , 64 bit Build 19041 (10.0.19041.2364)
OS uptime: 5 days 13:12 hours

CPU: total 12 (initial active 12) (6 cores per cpu, 2 threads per core) family 6 model 165 stepping 2 microcode 0xc8, cx8, cmov, fxsr, ht, mmx, 3dnowpref, sse, sse2, sse3, ssse3, sse4.1, sse4.2, popcnt, lzcnt, tsc, tscinvbit, avx, avx2, aes, erms, clmul, bmi1, bmi2, adx, fma, vzeroupper, clflush, clflushopt, rdtscp

Memory: 4k page, system-wide physical 16205M (3444M free)
TotalPageFile size 27260M (AvailPageFile size 4614M)
current process WorkingSet (physical memory assigned to process): 281M, peak: 376M
current process commit charge ("private bytes"): 326M, peak: 450M

vm_info: Java HotSpot(TM) 64-Bit Server VM (19.0.1+10-21) for windows-amd64 JRE (19.0.1+10-21), built on 2022-09-14T12:45:06Z by "mach5one" with MS VC++ 17.1 (VS2022)

END.
