#
# A fatal error has been detected by the Java Runtime Environment:
#
#  EXCEPTION_ACCESS_VIOLATION (0xc0000005) at pc=0x000001f819d99324, pid=26756, tid=5088
#
# JRE version: Java(TM) SE Runtime Environment (19.0.1+10) (build 19.0.1+10-21)
# Java VM: Java HotSpot(TM) 64-Bit Server VM (19.0.1+10-21, mixed mode, sharing, tiered, compressed oops, compressed class ptrs, g1 gc, windows-amd64)
# Problematic frame:
# v  ~BufferBlob::MethodHandles adapters 0x000001f819d99324
#
# No core dump will be written. Minidumps are not enabled by default on client versions of Windows
#
# If you would like to submit a bug report, please visit:
#   https://bugreport.java.com/bugreport/crash.jsp
#

---------------  S U M M A R Y ------------

Command Line: -XX:+ShowCodeDetailsInExceptionMessages -agentlib:jdwp=transport=dt_socket,suspend=y,address=localhost:61703 -javaagent:C:\Users\TVD\eclipse\jee-2022-12\eclipse\configuration\org.eclipse.osgi\420\0\.cp\lib\javaagent-shaded.jar -Dfile.encoding=UTF-8 com.Ecomerce.API.ApiBackEndFinalProjectEcApplication

Host: Intel(R) Core(TM) i7-10750H CPU @ 2.60GHz, 12 cores, 15G,  Windows 10 , 64 bit Build 19041 (10.0.19041.2364)
Time: Thu Dec 22 10:30:10 2022 SE Asia Standard Time elapsed time: 1181.496206 seconds (0d 0h 19m 41s)

---------------  T H R E A D  ---------------

Current thread (0x000001f839506070):  JavaThread "http-nio-8080-exec-1" daemon [_thread_in_Java, id=5088, stack(0x0000004721600000,0x0000004721700000)]

Stack: [0x0000004721600000,0x0000004721700000],  sp=0x00000047216fbc28,  free space=1007k
Native frames: (J=compiled Java code, j=interpreted, Vv=VM code, C=native code)
C  0x000001f819d99324


siginfo: EXCEPTION_ACCESS_VIOLATION (0xc0000005), reading address 0x0000000f04d12dca


Registers:
RAX=0x000001f819d4c61a, RBX=0x000000070462a880, RCX=0x00000047216fbc30, RDX=0x0000000000000002
RSP=0x00000047216fbc28, RBP=0x00000047216fbc78, RSI=0x000001f832f1e298, RDI=0x000001f8391d14c0
R8 =0x0000000000000004, R9 =0x0000000000000004, R10=0x0000000800737472, R11=0x00000000e08bb6f4
R12=0x0000000000000000, R13=0x00000047216fbc28, R14=0x00000047216fbc98, R15=0x000001f839506070
RIP=0x000001f819d99324, EFLAGS=0x0000000000010206


Register to memory mapping:

RIP=0x000001f819d99324 is at begin+65 in a stub
MethodHandle::interpreter_entry::_linkToVirtual [0x000001f819d992e3, 0x000001f819d9934a] (103 bytes)
RAX=0x000001f819d4c61a is at code_begin+4634 in an Interpreter codelet
return entry points  [0x000001f819d4b400, 0x000001f819d4d4d0]  8400 bytes
RBX=0x000000070462a880 is an oop: com.Ecomerce.API.controllers.AdminController 
{0x000000070462a880} - klass: 'com/Ecomerce/API/controllers/AdminController'
 - ---- fields (total size 3 words):
 - 'jwtTokenUtil' 'Lcom/Ecomerce/API/security/JwtTokenUtil;' @12  a 'com/Ecomerce/API/security/JwtTokenUtil'{0x0000000704224b40} (e0844968)
 - 'auctionService' 'Lcom/Ecomerce/API/services/AuctionService;' @16  a 'com/Ecomerce/API/services/impls/AuctionServiceImpl'{0x00000007045db7a0} (e08bb6f4)
RCX=0x00000047216fbc30 is pointing into the stack for thread: 0x000001f839506070
RDX=0x0000000000000002 is an unknown value
RSP=0x00000047216fbc28 is pointing into the stack for thread: 0x000001f839506070
RBP=0x00000047216fbc78 is pointing into the stack for thread: 0x000001f839506070
RSI=0x000001f832f1e298 points into unknown readable memory: 0x80000bb3024a11ec | ec 11 4a 02 b3 0b 00 80
RDI=0x000001f8391d14c0 points into unknown readable memory: 0x0000001800000060 | 60 00 00 00 18 00 00 00
R8 =0x0000000000000004 is an unknown value
R9 =0x0000000000000004 is an unknown value
R10=0x0000000800737472 is pointing into metadata
R11=3767252724 is a compressed pointer to object: com.Ecomerce.API.services.impls.AuctionServiceImpl 
{0x00000007045db7a0} - klass: 'com/Ecomerce/API/services/impls/AuctionServiceImpl'
 - ---- fields (total size 3 words):
 - private 'repository' 'Lcom/Ecomerce/API/repositories/AuctionRepository;' @12  a 'jdk/proxy2/$Proxy124'{0x0000000704852dd0} (e090a5ba)
 - private 'statusAuctionRepository' 'Lcom/Ecomerce/API/repositories/StatusAuctionRepository;' @16  a 'jdk/proxy2/$Proxy125'{0x0000000704835940} (e0906b28)
 - private 'converter' 'Lcom/Ecomerce/API/utils/converter/AuctionConverter;' @20  a 'com/Ecomerce/API/utils/converter/AuctionConverter'{0x0000000704835930} (e0906b26)
R12=0x0 is NULL
R13=0x00000047216fbc28 is pointing into the stack for thread: 0x000001f839506070
R14=0x00000047216fbc98 is pointing into the stack for thread: 0x000001f839506070
R15=0x000001f839506070 is a thread


Top of Stack: (sp=0x00000047216fbc28)
0x00000047216fbc28:   000001f819d4c61a 00000047216fbc30
0x00000047216fbc38:   0000000800737472 00000047216fbc98
0x00000047216fbc48:   00000008000d55c8 000001f8310a9410
0x00000047216fbc58:   0000000702e28dd0 00000008000d8108
0x00000047216fbc68:   00000047216fbc28 00000047216fbca0
0x00000047216fbc78:   00000047216fbfc8 000001f812d8e376
0x00000047216fbc88:   00000007088ae5c8 000000070462a880
0x00000047216fbc98:   00000007088ae718 00000007088ae910
0x00000047216fbca8:   000000080004cf20 0000000703df1f80
0x00000047216fbcb8:   0000000703df1f80 00000007088ae8e8
0x00000047216fbcc8:   000000070462a880 00000007088ae898
0x00000047216fbcd8:   00000007088ae718 000000070462a880
0x00000047216fbce8:   000001f812d8e204 00000047216fbfc8
0x00000047216fbcf8:   000001f8129cb346 0000000704227200
0x00000047216fbd08:   000000080004e828 000001f839506070
0x00000047216fbd18:   fffffffe00000000 0000000000000000 

Instructions: (pc=0x000001f819d99324)
0x000001f819d99224:   ff ff ff ff f0 10 00 00 00 00 00 00 80 92 d9 19
0x000001f819d99234:   f8 01 00 00 00 a3 d9 19 f8 01 00 00 80 92 d9 19
0x000001f819d99244:   f8 01 00 00 00 a3 d9 19 f8 01 00 00 78 92 d9 19
0x000001f819d99254:   f8 01 00 00 78 92 d9 19 f8 01 00 00 00 00 00 00
0x000001f819d99264:   00 00 00 00 00 00 00 00 00 00 00 00 68 3b 74 66
0x000001f819d99274:   ff 7f 00 00 00 00 00 00 00 00 00 00 f4 66 66 66
0x000001f819d99284:   0f 1f 84 00 00 00 00 00 66 66 66 90 66 66 66 0f
0x000001f819d99294:   1f 84 00 00 00 00 00 66 66 66 90 90 48 8b 53 08
0x000001f819d992a4:   0f b7 52 2c 48 8b 0c d4 8b 59 14 48 c1 e3 03 8b
0x000001f819d992b4:   5b 28 48 c1 e3 03 8b 5b 24 48 c1 e3 03 48 8b 5b
0x000001f819d992c4:   10 48 85 db 0f 84 10 00 00 00 41 80 bf f8 04 00
0x000001f819d992d4:   00 00 74 03 ff 63 38 ff 63 50 e9 1d ac fd ff 66
0x000001f819d992e4:   66 66 0f 1f 84 00 00 00 00 00 66 66 66 90 66 66
0x000001f819d992f4:   0f 1f 84 00 00 00 00 00 66 66 66 90 48 8b 53 08
0x000001f819d99304:   0f b7 52 2c 48 8b 0c d4 58 5b 50 44 8b 51 08 49
0x000001f819d99314:   bb 00 00 00 00 08 00 00 00 4d 03 d3 4c 8b 5b 10
0x000001f819d99324:   4b 8b 9c da b8 01 00 00 48 85 db 0f 84 10 00 00
0x000001f819d99334:   00 41 80 bf f8 04 00 00 00 74 03 ff 63 38 ff 63
0x000001f819d99344:   50 e9 b6 ab fd ff 66 66 66 0f 1f 84 00 00 00 00
0x000001f819d99354:   00 66 66 66 90 0f 1f 80 00 00 00 00 58 5b 50 8b
0x000001f819d99364:   5b 24 48 c1 e3 03 48 8b 5b 10 48 85 db 0f 84 10
0x000001f819d99374:   00 00 00 41 80 bf f8 04 00 00 00 74 03 ff 63 38
0x000001f819d99384:   ff 63 50 e9 74 ab fd ff 66 66 66 0f 1f 84 00 00
0x000001f819d99394:   00 00 00 66 66 66 90 0f 1f 44 00 00 48 8b 53 08
0x000001f819d993a4:   0f b7 52 2c 48 8b 0c d4 58 5b 50 48 3b 01 8b 5b
0x000001f819d993b4:   24 48 c1 e3 03 48 8b 5b 10 48 85 db 0f 84 10 00
0x000001f819d993c4:   00 00 41 80 bf f8 04 00 00 00 74 03 ff 63 38 ff
0x000001f819d993d4:   63 50 e9 25 ab fd ff 0f 1f 44 00 00 48 8b 53 08
0x000001f819d993e4:   0f b7 52 2c 48 8b 0c d4 58 5b 50 44 8b 51 08 49
0x000001f819d993f4:   bb 00 00 00 00 08 00 00 00 4d 03 d3 8b 43 18 48
0x000001f819d99404:   c1 e0 03 48 8b 40 10 48 8b 5b 10 45 8b 9a a0 00
0x000001f819d99414:   00 00 4f 8d 9c da b8 01 00 00 4d 8d 14 da 49 8b 


Stack slot to memory mapping:
stack at sp + 0 slots: 0x000001f819d4c61a is at code_begin+4634 in an Interpreter codelet
return entry points  [0x000001f819d4b400, 0x000001f819d4d4d0]  8400 bytes
stack at sp + 1 slots: 0x00000047216fbc30 is pointing into the stack for thread: 0x000001f839506070
stack at sp + 2 slots: 0x0000000800737472 is pointing into metadata
stack at sp + 3 slots: 0x00000047216fbc98 is pointing into the stack for thread: 0x000001f839506070
stack at sp + 4 slots: 0x00000008000d55c8 is pointing into metadata
stack at sp + 5 slots: 0x000001f8310a9410 is pointing into metadata
stack at sp + 6 slots: 0x0000000702e28dd0 is an oop: java.lang.Class 
{0x0000000702e28dd0} - klass: 'java/lang/Class'
 - ---- fields (total size 14 words):
 - private volatile transient 'classRedefinedCount' 'I' @12  0
 - abstract internal 'klass' 'J' @16  34360611240 (d51a8 8)
 - abstract internal 'array_klass' 'J' @24  0 (0 0)
 - abstract internal 'oop_size' 'I' @32  14 (e)
 - abstract internal 'static_oop_field_count' 'I' @36  0
 - private volatile transient 'cachedConstructor' 'Ljava/lang/reflect/Constructor;' @40  NULL (0)
 - private transient 'name' 'Ljava/lang/String;' @44  NULL (0)
 - private transient 'module' 'Ljava/lang/Module;' @48  a 'java/lang/Module'{0x0000000702e3dde8} (e05c7bbd)
 - private final 'classLoader' 'Ljava/lang/ClassLoader;' @52  NULL (0)
 - private transient 'classData' 'Ljava/lang/Object;' @56  NULL (0)
 - private transient 'packageName' 'Ljava/lang/String;' @60  NULL (0)
 - private final 'componentType' 'Ljava/lang/Class;' @64  NULL (0)
 - private volatile transient 'reflectionData' 'Ljava/lang/ref/SoftReference;' @68  NULL (0)
 - private volatile transient 'genericInfo' 'Lsun/reflect/generics/repository/ClassRepository;' @72  NULL (0)
 - private volatile transient 'enumConstants' '[Ljava/lang/Object;' @76  NULL (0)
 - private volatile transient 'enumConstantDirectory' 'Ljava/util/Map;' @80  NULL (0)
 - private volatile transient 'annotationData' 'Ljava/lang/Class$AnnotationData;' @84  NULL (0)
 - private volatile transient 'annotationType' 'Lsun/reflect/annotation/AnnotationType;' @88  NULL (0)
 - transient 'classValueMap' 'Ljava/lang/ClassValue$ClassValueMap;' @92  NULL (0)
 - abstract internal 'protection_domain' 'Ljava/lang/Object;' @96  NULL (0)
 - abstract internal 'signers_name' 'Ljava/lang/Object;' @100  NULL (0)
 - abstract internal 'source_file' 'Ljava/lang/Object;' @104  NULL (0)
 - signature: Ljava/lang/invoke/DirectMethodHandle$Holder;
 - ---- static fields (0):
stack at sp + 7 slots: {method} {0x00000008000d8110} 'invokeVirtual' '(Ljava/lang/Object;Ljava/lang/Object;)Ljava/lang/Object;' in 'java/lang/invoke/DirectMethodHandle$Holder'

MethodHandle::interpreter_entry::_linkToVirtual [0x000001f819d992e3, 0x000001f819d9934a] (103 bytes)
[MachCode]
  0x000001f819d992e3: 6666 660f | 1f84 0000 | 0000 0066 | 6666 9066 | 660f 1f84 | 0000 0000 | 0066 6666 | 9048 8b53 
  0x000001f819d99303: 080f b752 | 2c48 8b0c | d458 5b50 | 448b 5108 | 49bb 0000 | 0000 0800 | 0000 4d03 | d34c 8b5b 
  0x000001f819d99323: 104b 8b9c | dab8 0100 | 0048 85db | 0f84 1000 | 0000 4180 | bff8 0400 | 0000 7403 | ff63 38ff 
  0x000001f819d99343: 6350 e9b6 | 
[/MachCode]

---------------  P R O C E S S  ---------------

Threads class SMR info:
_java_thread_list=0x000001f8390ed990, length=32, elements={
0x000001f82e7da770, 0x000001f82e7ddd10, 0x000001f82e7e2960, 0x000001f82e7e3290,
0x000001f82e7e44a0, 0x000001f82e7e9350, 0x000001f82e7efd20, 0x000001f82e7f3300,
0x000001f82e7ff8b0, 0x000001f82e7fe370, 0x000001f832d5c0f0, 0x000001f832dac840,
0x000001f832dacd90, 0x000001f82e7fd8d0, 0x000001f82e7fe8c0, 0x000001f82e7fde20,
0x000001f83950a030, 0x000001f83950aad0, 0x000001f83950cab0, 0x000001f839506070,
0x000001f8395065c0, 0x000001f839508050, 0x000001f839506b10, 0x000001f8395085a0,
0x000001f839509590, 0x000001f8395055d0, 0x000001f839509ae0, 0x000001f83950c010,
0x000001f839507060, 0x000001f8395075b0, 0x000001f839508af0, 0x000001f83950c560
}

Java Threads: ( => current thread )
  0x000001f82e7da770 JavaThread "Reference Handler" daemon [_thread_blocked, id=29104, stack(0x000000471f300000,0x000000471f400000)]
  0x000001f82e7ddd10 JavaThread "Finalizer" daemon [_thread_blocked, id=948, stack(0x000000471f400000,0x000000471f500000)]
  0x000001f82e7e2960 JavaThread "Signal Dispatcher" daemon [_thread_blocked, id=27100, stack(0x000000471f500000,0x000000471f600000)]
  0x000001f82e7e3290 JavaThread "Attach Listener" daemon [_thread_blocked, id=30404, stack(0x000000471f600000,0x000000471f700000)]
  0x000001f82e7e44a0 JavaThread "Service Thread" daemon [_thread_blocked, id=21452, stack(0x000000471f700000,0x000000471f800000)]
  0x000001f82e7e9350 JavaThread "Monitor Deflation Thread" daemon [_thread_blocked, id=18472, stack(0x000000471f800000,0x000000471f900000)]
  0x000001f82e7efd20 JavaThread "C2 CompilerThread0" daemon [_thread_blocked, id=20012, stack(0x000000471f900000,0x000000471fa00000)]
  0x000001f82e7f3300 JavaThread "C1 CompilerThread0" daemon [_thread_blocked, id=6756, stack(0x000000471fa00000,0x000000471fb00000)]
  0x000001f82e7ff8b0 JavaThread "Sweeper thread" daemon [_thread_blocked, id=22548, stack(0x000000471fb00000,0x000000471fc00000)]
  0x000001f82e7fe370 JavaThread "Common-Cleaner" daemon [_thread_blocked, id=29820, stack(0x000000471fc00000,0x000000471fd00000)]
  0x000001f832d5c0f0 JavaThread "JDWP Transport Listener: dt_socket" daemon [_thread_blocked, id=11404, stack(0x000000471fd00000,0x000000471fe00000)]
  0x000001f832dac840 JavaThread "JDWP Event Helper Thread" daemon [_thread_blocked, id=15444, stack(0x000000471fe00000,0x000000471ff00000)]
  0x000001f832dacd90 JavaThread "JDWP Command Reader" daemon [_thread_in_native, id=25652, stack(0x000000471ff00000,0x0000004720000000)]
  0x000001f82e7fd8d0 JavaThread "Notification Thread" daemon [_thread_blocked, id=20788, stack(0x0000004720100000,0x0000004720200000)]
  0x000001f82e7fe8c0 JavaThread "mssql-jdbc-shared-timer-core-0" daemon [_thread_blocked, id=4532, stack(0x0000004721000000,0x0000004721100000)]
  0x000001f82e7fde20 JavaThread "HikariPool-1 housekeeper" daemon [_thread_blocked, id=12872, stack(0x0000004721100000,0x0000004721200000)]
  0x000001f83950a030 JavaThread "Catalina-utility-1" [_thread_blocked, id=14856, stack(0x0000004721300000,0x0000004721400000)]
  0x000001f83950aad0 JavaThread "Catalina-utility-2" [_thread_blocked, id=28860, stack(0x0000004721400000,0x0000004721500000)]
  0x000001f83950cab0 JavaThread "container-0" [_thread_blocked, id=17604, stack(0x0000004721500000,0x0000004721600000)]
=>0x000001f839506070 JavaThread "http-nio-8080-exec-1" daemon [_thread_in_Java, id=5088, stack(0x0000004721600000,0x0000004721700000)]
  0x000001f8395065c0 JavaThread "http-nio-8080-exec-2" daemon [_thread_blocked, id=9156, stack(0x0000004721700000,0x0000004721800000)]
  0x000001f839508050 JavaThread "http-nio-8080-exec-3" daemon [_thread_blocked, id=10276, stack(0x0000004721800000,0x0000004721900000)]
  0x000001f839506b10 JavaThread "http-nio-8080-exec-4" daemon [_thread_blocked, id=11192, stack(0x0000004721900000,0x0000004721a00000)]
  0x000001f8395085a0 JavaThread "http-nio-8080-exec-5" daemon [_thread_blocked, id=23560, stack(0x0000004721a00000,0x0000004721b00000)]
  0x000001f839509590 JavaThread "http-nio-8080-exec-6" daemon [_thread_blocked, id=21332, stack(0x0000004721b00000,0x0000004721c00000)]
  0x000001f8395055d0 JavaThread "http-nio-8080-exec-7" daemon [_thread_blocked, id=1180, stack(0x0000004721c00000,0x0000004721d00000)]
  0x000001f839509ae0 JavaThread "http-nio-8080-exec-8" daemon [_thread_blocked, id=13912, stack(0x0000004721d00000,0x0000004721e00000)]
  0x000001f83950c010 JavaThread "http-nio-8080-exec-9" daemon [_thread_blocked, id=11296, stack(0x0000004721e00000,0x0000004721f00000)]
  0x000001f839507060 JavaThread "http-nio-8080-exec-10" daemon [_thread_blocked, id=29768, stack(0x0000004721f00000,0x0000004722000000)]
  0x000001f8395075b0 JavaThread "http-nio-8080-Poller" daemon [_thread_in_native, id=18632, stack(0x0000004722000000,0x0000004722100000)]
  0x000001f839508af0 JavaThread "http-nio-8080-Acceptor" daemon [_thread_in_native, id=26732, stack(0x0000004722100000,0x0000004722200000)]
  0x000001f83950c560 JavaThread "DestroyJavaVM" [_thread_blocked, id=22444, stack(0x000000471ec00000,0x000000471ed00000)]

Other Threads:
  0x000001f82e7c0dd0 VMThread "VM Thread" [stack: 0x000000471f200000,0x000000471f300000] [id=28868] _threads_hazard_ptr=0x000001f8390ed990
  0x000001f83367f0e0 WatcherThread "VM Periodic Task Thread" [stack: 0x0000004720200000,0x0000004720300000] [id=4008]
  0x000001f80902e810 WorkerThread "GC Thread#0" [stack: 0x000000471ed00000,0x000000471ee00000] [id=19024]
  0x000001f833893980 WorkerThread "GC Thread#1" [stack: 0x0000004720300000,0x0000004720400000] [id=13680]
  0x000001f833893c50 WorkerThread "GC Thread#2" [stack: 0x0000004720400000,0x0000004720500000] [id=26740]
  0x000001f833738440 WorkerThread "GC Thread#3" [stack: 0x0000004720500000,0x0000004720600000] [id=26016]
  0x000001f833738710 WorkerThread "GC Thread#4" [stack: 0x0000004720600000,0x0000004720700000] [id=3684]
  0x000001f833939f70 WorkerThread "GC Thread#5" [stack: 0x0000004720700000,0x0000004720800000] [id=7124]
  0x000001f833939160 WorkerThread "GC Thread#6" [stack: 0x0000004720800000,0x0000004720900000] [id=22748]
  0x000001f833938620 WorkerThread "GC Thread#7" [stack: 0x0000004720900000,0x0000004720a00000] [id=29740]
  0x000001f8339399d0 WorkerThread "GC Thread#8" [stack: 0x0000004720a00000,0x0000004720b00000] [id=29948]
  0x000001f833938350 WorkerThread "GC Thread#9" [stack: 0x0000004720b00000,0x0000004720c00000] [id=12196]
  0x000001f8090fe5d0 ConcurrentGCThread "G1 Main Marker" [stack: 0x000000471ee00000,0x000000471ef00000] [id=5144]
  0x000001f8090ff000 WorkerThread "G1 Conc#0" [stack: 0x000000471ef00000,0x000000471f000000] [id=11292]
  0x000001f8339388f0 WorkerThread "G1 Conc#1" [stack: 0x0000004720e00000,0x0000004720f00000] [id=1852]
  0x000001f83425b4b0 WorkerThread "G1 Conc#2" [stack: 0x0000004720f00000,0x0000004721000000] [id=8056]
  0x000001f80913ead0 ConcurrentGCThread "G1 Refine#0" [stack: 0x000000471f000000,0x000000471f100000] [id=21464]
  0x000001f82e67b7c0 ConcurrentGCThread "G1 Service" [stack: 0x000000471f100000,0x000000471f200000] [id=4940]

Threads with active compile tasks:

VM state: synchronizing (normal execution)

VM Mutex/Monitor currently owned by a thread:  ([mutex/lock_event])
[0x000001f80907cd90] Threads_lock - owner thread: 0x000001f82e7c0dd0

Heap address: 0x0000000702c00000, size: 4052 MB, Compressed Oops mode: Zero based, Oop shift amount: 3

CDS archive(s) mapped at: [0x0000000800000000-0x0000000800c40000-0x0000000800c40000), size 12845056, SharedBaseAddress: 0x0000000800000000, ArchiveRelocationMode: 0.
Compressed class space mapped at: 0x0000000801000000-0x0000000841000000, reserved size: 1073741824
Narrow klass base: 0x0000000800000000, Narrow klass shift: 0, Narrow klass range: 0x100000000

GC Precious Log:
 CardTable entry size: 512
 Card Set container configuration: InlinePtr #cards 4 size 8 Array Of Cards #cards 16 size 48 Howl #buckets 8 coarsen threshold 3686 Howl Bitmap #cards 512 size 80 coarsen threshold 460 Card regions per heap region 1 cards per card region 4096
 CPUs: 12 total, 12 available
 Memory: 16205M
 Large Page Support: Disabled
 NUMA Support: Disabled
 Compressed Oops: Enabled (Zero based)
 Heap Region Size: 2M
 Heap Min Capacity: 8M
 Heap Initial Capacity: 254M
 Heap Max Capacity: 4052M
 Pre-touch: Disabled
 Parallel Workers: 10
 Concurrent Workers: 3
 Concurrent Refinement Workers: 10
 Periodic GC: Disabled

Heap:
 garbage-first heap   total 110592K, used 55177K [0x0000000702c00000, 0x0000000800000000)
  region size 2048K, 15 young (30720K), 1 survivors (2048K)
 Metaspace       used 67444K, committed 67904K, reserved 1114112K
  class space    used 8408K, committed 8640K, reserved 1048576K

Heap Regions: E=young(eden), S=young(survivor), O=old, HS=humongous(starts), HC=humongous(continues), CS=collection set, F=free, OA=open archive, CA=closed archive, TAMS=top-at-mark-start (previous, next)
|   0|0x0000000702c00000, 0x0000000702e00000, 0x0000000702e00000|100%| O|  |TAMS 0x0000000702e00000, 0x0000000702c00000| Untracked 
|   1|0x0000000702e00000, 0x0000000703000000, 0x0000000703000000|100%| O|  |TAMS 0x0000000703000000, 0x0000000702e00000| Untracked 
|   2|0x0000000703000000, 0x0000000703200000, 0x0000000703200000|100%| O|  |TAMS 0x0000000703200000, 0x0000000703000000| Untracked 
|   3|0x0000000703200000, 0x000000070339a000, 0x0000000703400000| 80%| O|  |TAMS 0x000000070339a000, 0x0000000703200000| Untracked 
|   4|0x0000000703400000, 0x0000000703600000, 0x0000000703600000|100%| O|  |TAMS 0x0000000703600000, 0x0000000703400000| Untracked 
|   5|0x0000000703600000, 0x0000000703800000, 0x0000000703800000|100%| O|  |TAMS 0x0000000703800000, 0x0000000703600000| Untracked 
|   6|0x0000000703800000, 0x0000000703800000, 0x0000000703a00000|  0%| F|  |TAMS 0x0000000703800000, 0x0000000703800000| Untracked 
|   7|0x0000000703a00000, 0x0000000703c00000, 0x0000000703c00000|100%| O|  |TAMS 0x0000000703c00000, 0x0000000703a00000| Untracked 
|   8|0x0000000703c00000, 0x0000000703e00000, 0x0000000703e00000|100%| O|  |TAMS 0x0000000703e00000, 0x0000000703c00000| Untracked 
|   9|0x0000000703e00000, 0x0000000704000000, 0x0000000704000000|100%| O|  |TAMS 0x0000000704000000, 0x0000000703e00000| Untracked 
|  10|0x0000000704000000, 0x0000000704200000, 0x0000000704200000|100%| O|  |TAMS 0x0000000704091200, 0x0000000704000000| Untracked 
|  11|0x0000000704200000, 0x0000000704400000, 0x0000000704400000|100%| O|  |TAMS 0x0000000704200000, 0x0000000704200000| Untracked 
|  12|0x0000000704400000, 0x0000000704600000, 0x0000000704600000|100%| O|  |TAMS 0x0000000704400000, 0x0000000704400000| Untracked 
|  13|0x0000000704600000, 0x0000000704800000, 0x0000000704800000|100%| O|  |TAMS 0x0000000704600000, 0x0000000704600000| Untracked 
|  14|0x0000000704800000, 0x0000000704a00000, 0x0000000704a00000|100%| O|  |TAMS 0x0000000704800000, 0x0000000704800000| Untracked 
|  15|0x0000000704a00000, 0x0000000704b74400, 0x0000000704c00000| 72%| O|  |TAMS 0x0000000704a00000, 0x0000000704a00000| Untracked 
|  16|0x0000000704c00000, 0x0000000704c00000, 0x0000000704e00000|  0%| F|  |TAMS 0x0000000704c00000, 0x0000000704c00000| Untracked 
|  17|0x0000000704e00000, 0x0000000704e00000, 0x0000000705000000|  0%| F|  |TAMS 0x0000000704e00000, 0x0000000704e00000| Untracked 
|  18|0x0000000705000000, 0x0000000705000000, 0x0000000705200000|  0%| F|  |TAMS 0x0000000705000000, 0x0000000705000000| Untracked 
|  19|0x0000000705200000, 0x0000000705200000, 0x0000000705400000|  0%| F|  |TAMS 0x0000000705200000, 0x0000000705200000| Untracked 
|  20|0x0000000705400000, 0x0000000705400000, 0x0000000705600000|  0%| F|  |TAMS 0x0000000705400000, 0x0000000705400000| Untracked 
|  21|0x0000000705600000, 0x0000000705600000, 0x0000000705800000|  0%| F|  |TAMS 0x0000000705600000, 0x0000000705600000| Untracked 
|  22|0x0000000705800000, 0x0000000705800000, 0x0000000705a00000|  0%| F|  |TAMS 0x0000000705800000, 0x0000000705800000| Untracked 
|  23|0x0000000705a00000, 0x0000000705a00000, 0x0000000705c00000|  0%| F|  |TAMS 0x0000000705a00000, 0x0000000705a00000| Untracked 
|  24|0x0000000705c00000, 0x0000000705c00000, 0x0000000705e00000|  0%| F|  |TAMS 0x0000000705c00000, 0x0000000705c00000| Untracked 
|  25|0x0000000705e00000, 0x0000000705e00000, 0x0000000706000000|  0%| F|  |TAMS 0x0000000705e00000, 0x0000000705e00000| Untracked 
|  26|0x0000000706000000, 0x0000000706000000, 0x0000000706200000|  0%| F|  |TAMS 0x0000000706000000, 0x0000000706000000| Untracked 
|  27|0x0000000706200000, 0x0000000706200000, 0x0000000706400000|  0%| F|  |TAMS 0x0000000706200000, 0x0000000706200000| Untracked 
|  28|0x0000000706400000, 0x0000000706400000, 0x0000000706600000|  0%| F|  |TAMS 0x0000000706400000, 0x0000000706400000| Untracked 
|  29|0x0000000706600000, 0x0000000706600000, 0x0000000706800000|  0%| F|  |TAMS 0x0000000706600000, 0x0000000706600000| Untracked 
|  30|0x0000000706800000, 0x0000000706800000, 0x0000000706a00000|  0%| F|  |TAMS 0x0000000706800000, 0x0000000706800000| Untracked 
|  31|0x0000000706a00000, 0x0000000706a00000, 0x0000000706c00000|  0%| F|  |TAMS 0x0000000706a00000, 0x0000000706a00000| Untracked 
|  32|0x0000000706c00000, 0x0000000706c00000, 0x0000000706e00000|  0%| F|  |TAMS 0x0000000706c00000, 0x0000000706c00000| Untracked 
|  33|0x0000000706e00000, 0x0000000706e00000, 0x0000000707000000|  0%| F|  |TAMS 0x0000000706e00000, 0x0000000706e00000| Untracked 
|  34|0x0000000707000000, 0x0000000707000000, 0x0000000707200000|  0%| F|  |TAMS 0x0000000707000000, 0x0000000707000000| Untracked 
|  35|0x0000000707200000, 0x0000000707200000, 0x0000000707400000|  0%| F|  |TAMS 0x0000000707200000, 0x0000000707200000| Untracked 
|  36|0x0000000707400000, 0x0000000707400000, 0x0000000707600000|  0%| F|  |TAMS 0x0000000707400000, 0x0000000707400000| Untracked 
|  37|0x0000000707600000, 0x0000000707600000, 0x0000000707800000|  0%| F|  |TAMS 0x0000000707600000, 0x0000000707600000| Untracked 
|  38|0x0000000707800000, 0x0000000707800000, 0x0000000707a00000|  0%| F|  |TAMS 0x0000000707800000, 0x0000000707800000| Untracked 
|  39|0x0000000707a00000, 0x0000000707b68448, 0x0000000707c00000| 70%| E|  |TAMS 0x0000000707a00000, 0x0000000707a00000| Complete 
|  40|0x0000000707c00000, 0x0000000707e00000, 0x0000000707e00000|100%| E|CS|TAMS 0x0000000707c00000, 0x0000000707c00000| Complete 
|  41|0x0000000707e00000, 0x0000000708000000, 0x0000000708000000|100%| E|  |TAMS 0x0000000707e00000, 0x0000000707e00000| Complete 
|  42|0x0000000708000000, 0x0000000708200000, 0x0000000708200000|100%| E|CS|TAMS 0x0000000708000000, 0x0000000708000000| Complete 
|  43|0x0000000708200000, 0x0000000708400000, 0x0000000708400000|100%| E|CS|TAMS 0x0000000708200000, 0x0000000708200000| Complete 
|  44|0x0000000708400000, 0x0000000708600000, 0x0000000708600000|100%| E|CS|TAMS 0x0000000708400000, 0x0000000708400000| Complete 
|  45|0x0000000708600000, 0x0000000708800000, 0x0000000708800000|100%| E|CS|TAMS 0x0000000708600000, 0x0000000708600000| Complete 
|  46|0x0000000708800000, 0x0000000708a00000, 0x0000000708a00000|100%| E|CS|TAMS 0x0000000708800000, 0x0000000708800000| Complete 
|  47|0x0000000708a00000, 0x0000000708c00000, 0x0000000708c00000|100%| E|CS|TAMS 0x0000000708a00000, 0x0000000708a00000| Complete 
|  48|0x0000000708c00000, 0x0000000708e00000, 0x0000000708e00000|100%| E|CS|TAMS 0x0000000708c00000, 0x0000000708c00000| Complete 
|  49|0x0000000708e00000, 0x0000000709000000, 0x0000000709000000|100%| E|CS|TAMS 0x0000000708e00000, 0x0000000708e00000| Complete 
|  50|0x0000000709000000, 0x0000000709200000, 0x0000000709200000|100%| E|CS|TAMS 0x0000000709000000, 0x0000000709000000| Complete 
|  51|0x0000000709200000, 0x0000000709400000, 0x0000000709400000|100%| E|CS|TAMS 0x0000000709200000, 0x0000000709200000| Complete 
|  52|0x0000000709400000, 0x00000007094d41e8, 0x0000000709600000| 41%| S|CS|TAMS 0x0000000709400000, 0x0000000709400000| Complete 
| 126|0x0000000712800000, 0x0000000712a00000, 0x0000000712a00000|100%| E|CS|TAMS 0x0000000712800000, 0x0000000712800000| Complete 

Card table byte_map: [0x000001f822c70000,0x000001f823460000] _byte_map_base: 0x000001f81f45a000

Marking Bits (Prev, Next): (CMBitMap*) 0x000001f8090ec7f0, (CMBitMap*) 0x000001f8090ec7b0
 Prev Bits: [0x000001f827ba0000, 0x000001f82baf0000)
 Next Bits: [0x000001f823c50000, 0x000001f827ba0000)

Polling page: 0x000001f809140000

Metaspace:

Usage:
  Non-class:     57.65 MB used.
      Class:      8.21 MB used.
       Both:     65.86 MB used.

Virtual space:
  Non-class space:       64.00 MB reserved,      57.88 MB ( 90%) committed,  1 nodes.
      Class space:        1.00 GB reserved,       8.44 MB ( <1%) committed,  1 nodes.
             Both:        1.06 GB reserved,      66.31 MB (  6%) committed. 

Chunk freelists:
   Non-Class:  2.03 MB
       Class:  3.45 MB
        Both:  5.48 MB

MaxMetaspaceSize: unlimited
CompressedClassSpaceSize: 1.00 GB
Initial GC threshold: 21.00 MB
Current GC threshold: 98.44 MB
CDS: on
MetaspaceReclaimPolicy: balanced
 - commit_granule_bytes: 65536.
 - commit_granule_words: 8192.
 - virtual_space_node_default_size: 8388608.
 - enlarge_chunks_in_place: 1.
 - new_chunks_are_fully_committed: 0.
 - uncommit_free_chunks: 1.
 - use_allocation_guard: 0.


Internal statistics:

num_allocs_failed_limit: 11.
num_arena_births: 558.
num_arena_deaths: 0.
num_vsnodes_births: 2.
num_vsnodes_deaths: 0.
num_space_committed: 1061.
num_space_uncommitted: 0.
num_chunks_returned_to_freelist: 11.
num_chunks_taken_from_freelist: 2761.
num_chunk_merges: 11.
num_chunk_splits: 2080.
num_chunks_enlarged: 1769.
num_inconsistent_stats: 0.

CodeHeap 'non-profiled nmethods': size=120000Kb used=4377Kb max_used=5134Kb free=115622Kb
 bounds [0x000001f81a2d0000, 0x000001f81a7e0000, 0x000001f821800000]
CodeHeap 'profiled nmethods': size=120000Kb used=13114Kb max_used=14581Kb free=106885Kb
 bounds [0x000001f812800000, 0x000001f813640000, 0x000001f819d30000]
CodeHeap 'non-nmethods': size=5760Kb used=1513Kb max_used=1591Kb free=4246Kb
 bounds [0x000001f819d30000, 0x000001f819fa0000, 0x000001f81a2d0000]
 total_blobs=7065 nmethods=6370 adapters=604
 compilation: enabled
              stopped_count=0, restarted_count=0
 full_count=0

Compilation events (20 events):
Event: 901.937 Thread 0x000001f82e7efd20 7645       4       java.util.concurrent.locks.AbstractQueuedSynchronizer$Node::getAndUnsetStatus (14 bytes)
Event: 901.937 Thread 0x000001f82e7efd20 nmethod 7645 0x000001f81a559a90 code [0x000001f81a559c20, 0x000001f81a559cf8]
Event: 965.820 Thread 0x000001f82e7f3300 7646       3       org.apache.catalina.mapper.MapperListener::lifecycleEvent (178 bytes)
Event: 965.821 Thread 0x000001f82e7f3300 nmethod 7646 0x000001f812ce5210 code [0x000001f812ce5500, 0x000001f812ce6d98]
Event: 995.118 Thread 0x000001f82e7efd20 7647       4       java.util.concurrent.ThreadPoolExecutor::beforeExecute (1 bytes)
Event: 995.119 Thread 0x000001f82e7efd20 nmethod 7647 0x000001f81a559790 code [0x000001f81a559900, 0x000001f81a559978]
Event: 1059.940 Thread 0x000001f82e7efd20 7648       4       java.util.concurrent.ScheduledThreadPoolExecutor$ScheduledFutureTask::compareTo (101 bytes)
Event: 1059.940 Thread 0x000001f82e7efd20 nmethod 7648 0x000001f81a559410 code [0x000001f81a5595a0, 0x000001f81a5596b8]
Event: 1075.924 Thread 0x000001f82e7f3300 7649   !   3       org.apache.catalina.core.StandardContext::getLoader (38 bytes)
Event: 1075.924 Thread 0x000001f82e7f3300 nmethod 7649 0x000001f813440110 code [0x000001f813440340, 0x000001f813440a68]
Event: 1094.935 Thread 0x000001f82e7efd20 7650       4       java.util.concurrent.ThreadPoolExecutor::afterExecute (1 bytes)
Event: 1094.935 Thread 0x000001f82e7efd20 nmethod 7650 0x000001f81a559010 code [0x000001f81a559180, 0x000001f81a5591f8]
Event: 1119.944 Thread 0x000001f82e7efd20 7651       4       java.util.concurrent.TimeUnit::toNanos (45 bytes)
Event: 1119.944 Thread 0x000001f82e7efd20 nmethod 7651 0x000001f81a2df290 code [0x000001f81a2df420, 0x000001f81a2df538]
Event: 1159.936 Thread 0x000001f82e7efd20 7652       4       java.util.concurrent.ScheduledThreadPoolExecutor$ScheduledFutureTask::getDelay (16 bytes)
Event: 1159.938 Thread 0x000001f82e7efd20 nmethod 7652 0x000001f81a2ded90 code [0x000001f81a2def20, 0x000001f81a2df0d8]
Event: 1160.940 Thread 0x000001f82e7efd20 7653       4       java.util.concurrent.locks.LockSupport::setBlocker (12 bytes)
Event: 1160.941 Thread 0x000001f82e7efd20 nmethod 7653 0x000001f81a2de790 code [0x000001f81a2de900, 0x000001f81a2dea58]
Event: 1175.999 Thread 0x000001f82e7f3300 7654       1       org.apache.catalina.loader.WebappLoader::getClassLoader (5 bytes)
Event: 1175.999 Thread 0x000001f82e7f3300 nmethod 7654 0x000001f81a2ff490 code [0x000001f81a2ff620, 0x000001f81a2ff6f8]

GC Heap History (20 events):
Event: 3.253 GC heap before
{Heap before GC invocations=10 (full 0):
 garbage-first heap   total 157696K, used 59727K [0x0000000702c00000, 0x0000000800000000)
  region size 2048K, 24 young (49152K), 2 survivors (4096K)
 Metaspace       used 35687K, committed 35968K, reserved 1114112K
  class space    used 4363K, committed 4480K, reserved 1048576K
}
Event: 3.258 GC heap after
{Heap after GC invocations=11 (full 0):
 garbage-first heap   total 157696K, used 18541K [0x0000000702c00000, 0x0000000800000000)
  region size 2048K, 3 young (6144K), 3 survivors (6144K)
 Metaspace       used 35687K, committed 35968K, reserved 1114112K
  class space    used 4363K, committed 4480K, reserved 1048576K
}
Event: 3.672 GC heap before
{Heap before GC invocations=12 (full 0):
 garbage-first heap   total 75776K, used 57453K [0x0000000702c00000, 0x0000000800000000)
  region size 2048K, 22 young (45056K), 3 survivors (6144K)
 Metaspace       used 42612K, committed 42944K, reserved 1114112K
  class space    used 5287K, committed 5440K, reserved 1048576K
}
Event: 3.679 GC heap after
{Heap after GC invocations=13 (full 0):
 garbage-first heap   total 75776K, used 19403K [0x0000000702c00000, 0x0000000800000000)
  region size 2048K, 2 young (4096K), 2 survivors (4096K)
 Metaspace       used 42612K, committed 42944K, reserved 1114112K
  class space    used 5287K, committed 5440K, reserved 1048576K
}
Event: 3.692 GC heap before
{Heap before GC invocations=13 (full 0):
 garbage-first heap   total 75776K, used 21451K [0x0000000702c00000, 0x0000000800000000)
  region size 2048K, 3 young (6144K), 2 survivors (4096K)
 Metaspace       used 42901K, committed 43264K, reserved 1114112K
  class space    used 5307K, committed 5504K, reserved 1048576K
}
Event: 3.699 GC heap after
{Heap after GC invocations=14 (full 0):
 garbage-first heap   total 75776K, used 19372K [0x0000000702c00000, 0x0000000800000000)
  region size 2048K, 1 young (2048K), 1 survivors (2048K)
 Metaspace       used 42901K, committed 43264K, reserved 1114112K
  class space    used 5307K, committed 5504K, reserved 1048576K
}
Event: 3.998 GC heap before
{Heap before GC invocations=14 (full 0):
 garbage-first heap   total 75776K, used 56236K [0x0000000702c00000, 0x0000000800000000)
  region size 2048K, 20 young (40960K), 1 survivors (2048K)
 Metaspace       used 46585K, committed 46912K, reserved 1114112K
  class space    used 5758K, committed 5952K, reserved 1048576K
}
Event: 4.001 GC heap after
{Heap after GC invocations=15 (full 0):
 garbage-first heap   total 75776K, used 20997K [0x0000000702c00000, 0x0000000800000000)
  region size 2048K, 2 young (4096K), 2 survivors (4096K)
 Metaspace       used 46585K, committed 46912K, reserved 1114112K
  class space    used 5758K, committed 5952K, reserved 1048576K
}
Event: 4.268 GC heap before
{Heap before GC invocations=15 (full 0):
 garbage-first heap   total 75776K, used 57861K [0x0000000702c00000, 0x0000000800000000)
  region size 2048K, 20 young (40960K), 2 survivors (4096K)
 Metaspace       used 50273K, committed 50688K, reserved 1114112K
  class space    used 6271K, committed 6464K, reserved 1048576K
}
Event: 4.273 GC heap after
{Heap after GC invocations=16 (full 0):
 garbage-first heap   total 75776K, used 21312K [0x0000000702c00000, 0x0000000800000000)
  region size 2048K, 2 young (4096K), 2 survivors (4096K)
 Metaspace       used 50273K, committed 50688K, reserved 1114112K
  class space    used 6271K, committed 6464K, reserved 1048576K
}
Event: 4.605 GC heap before
{Heap before GC invocations=16 (full 0):
 garbage-first heap   total 75776K, used 58176K [0x0000000702c00000, 0x0000000800000000)
  region size 2048K, 20 young (40960K), 2 survivors (4096K)
 Metaspace       used 52862K, committed 53248K, reserved 1114112K
  class space    used 6608K, committed 6784K, reserved 1048576K
}
Event: 4.608 GC heap after
{Heap after GC invocations=17 (full 0):
 garbage-first heap   total 151552K, used 22062K [0x0000000702c00000, 0x0000000800000000)
  region size 2048K, 2 young (4096K), 2 survivors (4096K)
 Metaspace       used 52862K, committed 53248K, reserved 1114112K
  class space    used 6608K, committed 6784K, reserved 1048576K
}
Event: 5.230 GC heap before
{Heap before GC invocations=17 (full 0):
 garbage-first heap   total 151552K, used 108078K [0x0000000702c00000, 0x0000000800000000)
  region size 2048K, 44 young (90112K), 2 survivors (4096K)
 Metaspace       used 57821K, committed 58240K, reserved 1114112K
  class space    used 7227K, committed 7424K, reserved 1048576K
}
Event: 5.235 GC heap after
{Heap after GC invocations=18 (full 0):
 garbage-first heap   total 151552K, used 26054K [0x0000000702c00000, 0x0000000800000000)
  region size 2048K, 4 young (8192K), 4 survivors (8192K)
 Metaspace       used 57821K, committed 58240K, reserved 1114112K
  class space    used 7227K, committed 7424K, reserved 1048576K
}
Event: 5.555 GC heap before
{Heap before GC invocations=18 (full 0):
 garbage-first heap   total 151552K, used 73158K [0x0000000702c00000, 0x0000000800000000)
  region size 2048K, 28 young (57344K), 4 survivors (8192K)
 Metaspace       used 59849K, committed 60288K, reserved 1114112K
  class space    used 7498K, committed 7744K, reserved 1048576K
}
Event: 5.560 GC heap after
{Heap after GC invocations=19 (full 0):
 garbage-first heap   total 151552K, used 27897K [0x0000000702c00000, 0x0000000800000000)
  region size 2048K, 4 young (8192K), 4 survivors (8192K)
 Metaspace       used 59849K, committed 60288K, reserved 1114112K
  class space    used 7498K, committed 7744K, reserved 1048576K
}
Event: 8.619 GC heap before
{Heap before GC invocations=20 (full 0):
 garbage-first heap   total 110592K, used 85241K [0x0000000702c00000, 0x0000000800000000)
  region size 2048K, 32 young (65536K), 4 survivors (8192K)
 Metaspace       used 63944K, committed 64320K, reserved 1114112K
  class space    used 8027K, committed 8192K, reserved 1048576K
}
Event: 8.624 GC heap after
{Heap after GC invocations=21 (full 0):
 garbage-first heap   total 110592K, used 29983K [0x0000000702c00000, 0x0000000800000000)
  region size 2048K, 3 young (6144K), 3 survivors (6144K)
 Metaspace       used 63944K, committed 64320K, reserved 1114112K
  class space    used 8027K, committed 8192K, reserved 1048576K
}
Event: 8.645 GC heap before
{Heap before GC invocations=21 (full 0):
 garbage-first heap   total 110592K, used 32031K [0x0000000702c00000, 0x0000000800000000)
  region size 2048K, 4 young (8192K), 3 survivors (6144K)
 Metaspace       used 64160K, committed 64576K, reserved 1114112K
  class space    used 8055K, committed 8256K, reserved 1048576K
}
Event: 8.648 GC heap after
{Heap after GC invocations=22 (full 0):
 garbage-first heap   total 110592K, used 30601K [0x0000000702c00000, 0x0000000800000000)
  region size 2048K, 1 young (2048K), 1 survivors (2048K)
 Metaspace       used 64160K, committed 64576K, reserved 1114112K
  class space    used 8055K, committed 8256K, reserved 1048576K
}

Dll operation events (13 events):
Event: 0.005 Loaded shared library C:\Program Files\Java\jdk-19\bin\java.dll
Event: 0.011 Loaded shared library C:\Program Files\Java\jdk-19\bin\jsvml.dll
Event: 0.188 Loaded shared library C:\Program Files\Java\jdk-19\bin\zip.dll
Event: 0.190 Loaded shared library C:\Program Files\Java\jdk-19\bin\instrument.dll
Event: 0.194 Loaded shared library C:\Program Files\Java\jdk-19\bin\net.dll
Event: 0.194 Loaded shared library C:\Program Files\Java\jdk-19\bin\nio.dll
Event: 0.197 Loaded shared library C:\Program Files\Java\jdk-19\bin\zip.dll
Event: 0.297 Loaded shared library C:\Program Files\Java\jdk-19\bin\jimage.dll
Event: 0.329 Loaded shared library C:\Program Files\Java\jdk-19\bin\verify.dll
Event: 0.830 Loaded shared library C:\Program Files\Java\jdk-19\bin\management.dll
Event: 0.832 Loaded shared library C:\Program Files\Java\jdk-19\bin\management_ext.dll
Event: 2.814 Loaded shared library C:\Program Files\Java\jdk-19\bin\sunmscapi.dll
Event: 3.504 Loaded shared library C:\Program Files\Java\jdk-19\bin\extnet.dll

Deoptimization events (20 events):
Event: 8.764 Thread 0x000001f839506070 DEOPT PACKING pc=0x000001f81a5d81e0 sp=0x00000047216f98b0
Event: 8.764 Thread 0x000001f839506070 DEOPT UNPACKING pc=0x000001f819d96da3 sp=0x00000047216f9768 mode 2
Event: 8.764 Thread 0x000001f839506070 DEOPT PACKING pc=0x000001f81a491bc4 sp=0x00000047216fa230
Event: 8.764 Thread 0x000001f839506070 DEOPT UNPACKING pc=0x000001f819d97543 sp=0x00000047216f9640 mode 1
Event: 8.764 Thread 0x000001f839506070 Uncommon trap: trap_request=0xffffff97 fr.pc=0x000001f81a5d81e0 relative=0x0000000000000120
Event: 8.764 Thread 0x000001f839506070 Uncommon trap: reason=unhandled action=none pc=0x000001f81a5d81e0 method=jdk.internal.loader.BuiltinClassLoader.loadClass(Ljava/lang/String;Z)Ljava/lang/Class; @ 19 c2
Event: 8.764 Thread 0x000001f839506070 DEOPT PACKING pc=0x000001f81a5d81e0 sp=0x00000047216f98b0
Event: 8.764 Thread 0x000001f839506070 DEOPT UNPACKING pc=0x000001f819d96da3 sp=0x00000047216f9768 mode 2
Event: 8.764 Thread 0x000001f839506070 DEOPT PACKING pc=0x000001f81a491bc4 sp=0x00000047216fa230
Event: 8.764 Thread 0x000001f839506070 DEOPT UNPACKING pc=0x000001f819d97543 sp=0x00000047216f9640 mode 1
Event: 8.777 Thread 0x000001f839506070 Uncommon trap: trap_request=0xffffff45 fr.pc=0x000001f81a308a18 relative=0x0000000000000558
Event: 8.777 Thread 0x000001f839506070 Uncommon trap: reason=unstable_if action=reinterpret pc=0x000001f81a308a18 method=java.lang.AbstractStringBuilder.append(Ljava/lang/String;)Ljava/lang/AbstractStringBuilder; @ 1 c2
Event: 8.777 Thread 0x000001f839506070 DEOPT PACKING pc=0x000001f81a308a18 sp=0x00000047216fd0d0
Event: 8.777 Thread 0x000001f839506070 DEOPT UNPACKING pc=0x000001f819d96da3 sp=0x00000047216fd070 mode 2
Event: 1181.399 Thread 0x000001f839506070 DEOPT PACKING pc=0x000001f8132a2204 sp=0x00000047216fbc40
Event: 1181.399 Thread 0x000001f839506070 DEOPT UNPACKING pc=0x000001f819d97543 sp=0x00000047216fb0e8 mode 0
Event: 1181.413 Thread 0x000001f832d5c0f0 Uncommon trap: trap_request=0xffffff45 fr.pc=0x000001f81a3ce538 relative=0x0000000000000118
Event: 1181.413 Thread 0x000001f832d5c0f0 Uncommon trap: reason=unstable_if action=reinterpret pc=0x000001f81a3ce538 method=sun.instrument.InstrumentationImpl.transform(Ljava/lang/Module;Ljava/lang/ClassLoader;Ljava/lang/String;Ljava/lang/Class;Ljava/security/ProtectionDomain;[BZ)[B @ 24 c2
Event: 1181.413 Thread 0x000001f832d5c0f0 DEOPT PACKING pc=0x000001f81a3ce538 sp=0x000000471fdfe570
Event: 1181.413 Thread 0x000001f832d5c0f0 DEOPT UNPACKING pc=0x000001f819d96da3 sp=0x000000471fdfe4f8 mode 2

Classes loaded (20 events):
Event: 8.722 Loading class java/util/stream/Nodes$IntFixedNodeBuilder
Event: 8.722 Loading class java/util/stream/Node$Builder$OfInt
Event: 8.722 Loading class java/util/stream/Node$Builder$OfInt done
Event: 8.722 Loading class java/util/stream/Nodes$IntArrayNode
Event: 8.722 Loading class java/util/stream/Nodes$IntArrayNode done
Event: 8.722 Loading class java/util/stream/Nodes$IntFixedNodeBuilder done
Event: 8.722 Loading class java/util/stream/ReferencePipeline$4$1
Event: 8.722 Loading class java/util/stream/ReferencePipeline$4$1 done
Event: 8.767 Loading class jdk/internal/reflect/MethodHandleBooleanFieldAccessorImpl
Event: 8.767 Loading class jdk/internal/reflect/MethodHandleBooleanFieldAccessorImpl done
Event: 29.491 Loading class java/time/zone/ZoneRulesProvider
Event: 29.491 Loading class java/time/zone/ZoneRulesProvider done
Event: 29.491 Loading class java/time/zone/ZoneRulesProvider$1
Event: 29.491 Loading class java/time/zone/ZoneRulesProvider$1 done
Event: 29.491 Loading class java/time/zone/TzdbZoneRulesProvider
Event: 29.492 Loading class java/time/zone/TzdbZoneRulesProvider done
Event: 29.889 Loading class java/time/zone/Ser
Event: 29.889 Loading class java/time/zone/Ser done
Event: 56.413 Loading class java/text/ParsePosition
Event: 56.413 Loading class java/text/ParsePosition done

Classes unloaded (0 events):
No events

Classes redefined (1 events):
Event: 1181.428 Thread 0x000001f82e7c0dd0 redefined class name=com.Ecomerce.API.controllers.AdminController, count=1

Internal exceptions (20 events):
Event: 5.408 Thread 0x000001f809081da0 Exception <a 'java/lang/ClassNotFoundException'{0x000000070a450b38}: java/lang/ObjectCustomizer> (0x000000070a450b38) 
thrown [s\open\src\hotspot\share\classfile\systemDictionary.cpp, line 255]
Event: 5.409 Thread 0x000001f809081da0 Exception <a 'java/lang/ClassNotFoundException'{0x000000070a457250}: org/springframework/security/config/annotation/web/configuration/WebSecurityConfigurationCustomizer> (0x000000070a457250) 
thrown [s\open\src\hotspot\share\classfile\systemDictionary.cpp, line 255]
Event: 5.409 Thread 0x000001f809081da0 Exception <a 'java/lang/ClassNotFoundException'{0x000000070a462bd0}: org/springframework/context/annotation/ImportAwareCustomizer> (0x000000070a462bd0) 
thrown [s\open\src\hotspot\share\classfile\systemDictionary.cpp, line 255]
Event: 5.410 Thread 0x000001f809081da0 Exception <a 'java/lang/ClassNotFoundException'{0x000000070a4665b8}: org/springframework/beans/factory/AwareCustomizer> (0x000000070a4665b8) 
thrown [s\open\src\hotspot\share\classfile\systemDictionary.cpp, line 255]
Event: 5.410 Thread 0x000001f809081da0 Exception <a 'java/lang/ClassNotFoundException'{0x000000070a469350}: org/springframework/beans/factory/BeanClassLoaderAwareCustomizer> (0x000000070a469350) 
thrown [s\open\src\hotspot\share\classfile\systemDictionary.cpp, line 255]
Event: 5.410 Thread 0x000001f809081da0 Exception <a 'java/lang/ClassNotFoundException'{0x000000070a46cd18}: org/springframework/beans/factory/AwareCustomizer> (0x000000070a46cd18) 
thrown [s\open\src\hotspot\share\classfile\systemDictionary.cpp, line 255]
Event: 5.440 Thread 0x000001f809081da0 Implicit null exception at 0x000001f81a42f046 to 0x000001f81a42f11e
Event: 5.662 Thread 0x000001f809081da0 Exception <a 'java/lang/IncompatibleClassChangeError'{0x00000007084fcb78}: Found class java.lang.Object, but interface was expected> (0x00000007084fcb78) 
thrown [s\open\src\hotspot\share\interpreter\linkResolver.cpp, line 841]
Event: 5.713 Thread 0x000001f809081da0 Exception <a 'java/lang/ClassNotFoundException'{0x0000000707cb21f8}: java/lang/ObjectCustomizer> (0x0000000707cb21f8) 
thrown [s\open\src\hotspot\share\classfile\systemDictionary.cpp, line 255]
Event: 5.714 Thread 0x000001f809081da0 Exception <a 'java/lang/ClassNotFoundException'{0x0000000707cb8920}: org/springframework/security/config/annotation/web/configuration/HttpSecurityConfigurationCustomizer> (0x0000000707cb8920) 
thrown [s\open\src\hotspot\share\classfile\systemDictionary.cpp, line 255]
Event: 5.731 Thread 0x000001f809081da0 Exception <a 'java/lang/NoSuchMethodError'{0x0000000707a08250}: 'java.lang.Object java.lang.invoke.DirectMethodHandle$Holder.invokeInterface(java.lang.Object, java.lang.Object, java.lang.Object, java.lang.Object)'> (0x0000000707a08250) 
thrown [s\open\src\hotspot\share\interpreter\linkResolver.cpp, line 774]
Event: 5.767 Thread 0x000001f809081da0 Exception <a 'java/lang/NoSuchMethodError'{0x00000007078e26d8}: 'void java.lang.invoke.DirectMethodHandle$Holder.invokeVirtual(java.lang.Object, java.lang.Object, long)'> (0x00000007078e26d8) 
thrown [s\open\src\hotspot\share\interpreter\linkResolver.cpp, line 774]
Event: 5.837 Thread 0x000001f809081da0 Exception <a 'java/lang/NoSuchMethodError'{0x0000000707190118}: 'int java.lang.invoke.DirectMethodHandle$Holder.invokeStaticInit(java.lang.Object, java.lang.Object, java.lang.Object, java.lang.Object)'> (0x0000000707190118) 
thrown [s\open\src\hotspot\share\interpreter\linkResolver.cpp, line 774]
Event: 5.910 Thread 0x000001f809081da0 Exception <a 'java/lang/NoSuchMethodError'{0x000000070695ffc8}: 'java.lang.Object java.lang.invoke.DirectMethodHandle$Holder.invokeSpecial(java.lang.Object, java.lang.Object, int, java.lang.Object, int, java.lang.Object)'> (0x000000070695ffc8) 
thrown [s\open\src\hotspot\share\interpreter\linkResolver.cpp, line 774]
Event: 5.911 Thread 0x000001f809081da0 Exception <a 'java/lang/NoSuchMethodError'{0x0000000706967da0}: 'java.lang.Object java.lang.invoke.DirectMethodHandle$Holder.newInvokeSpecial(java.lang.Object, java.lang.Object, int, java.lang.Object, int)'> (0x0000000706967da0) 
thrown [s\open\src\hotspot\share\interpreter\linkResolver.cpp, line 774]
Event: 5.911 Thread 0x000001f809081da0 Exception <a 'java/lang/NoSuchMethodError'{0x000000070696beb8}: 'java.lang.Object java.lang.invoke.DirectMethodHandle$Holder.invokeSpecial(java.lang.Object, java.lang.Object, java.lang.Object, int, java.lang.Object, int)'> (0x000000070696beb8) 
thrown [s\open\src\hotspot\share\interpreter\linkResolver.cpp, line 774]
Event: 8.690 Thread 0x000001f839506070 Exception <a 'java/lang/NoSuchMethodError'{0x00000007092c9f90}: 'java.lang.Object java.lang.invoke.DirectMethodHandle$Holder.invokeInterface(java.lang.Object, java.lang.Object, java.lang.Object, java.lang.Object, java.lang.Object)'> (0x00000007092c9f90) 
thrown [s\open\src\hotspot\share\interpreter\linkResolver.cpp, line 774]
Event: 8.755 Thread 0x000001f839506070 Exception <a 'java/lang/NoSuchMethodError'{0x0000000708c956a0}: 'java.lang.Object java.lang.invoke.DirectMethodHandle$Holder.invokeStaticInit(java.lang.Object, java.lang.Object, java.lang.Object, java.lang.Object, java.lang.Object, java.lang.Object)'> (0x0000000708c956a0) 
thrown [s\open\src\hotspot\share\interpreter\linkResolver.cpp, line 774]
Event: 8.767 Thread 0x000001f839506070 Exception <a 'java/lang/NoSuchMethodError'{0x0000000708daf268}: 'void java.lang.invoke.Invokers$Holder.invokeExact_MT(java.lang.Object, java.lang.Object, int, java.lang.Object)'> (0x0000000708daf268) 
thrown [s\open\src\hotspot\share\interpreter\linkResolver.cpp, line 774]
Event: 8.777 Thread 0x000001f839506070 Implicit null exception at 0x000001f81a3084f2 to 0x000001f81a3089fc

VM Operations (20 events):
Event: 412.644 Executing VM operation: Cleanup
Event: 412.644 Executing VM operation: Cleanup done
Event: 656.391 Executing VM operation: Cleanup
Event: 656.391 Executing VM operation: Cleanup done
Event: 742.023 Executing VM operation: Cleanup
Event: 742.024 Executing VM operation: Cleanup done
Event: 1181.398 Executing VM operation: ChangeSingleStep
Event: 1181.398 Executing VM operation: ChangeSingleStep done
Event: 1181.399 Executing VM operation: ChangeSingleStep
Event: 1181.399 Executing VM operation: ChangeSingleStep done
Event: 1181.413 Executing VM operation: RedefineClasses
Event: 1181.453 Executing VM operation: RedefineClasses done
Event: 1181.465 Executing VM operation: ChangeBreakpoints
Event: 1181.467 Executing VM operation: ChangeBreakpoints done
Event: 1181.476 Executing VM operation: ChangeBreakpoints
Event: 1181.477 Executing VM operation: ChangeBreakpoints done
Event: 1181.489 Executing VM operation: ChangeBreakpoints
Event: 1181.491 Executing VM operation: ChangeBreakpoints done
Event: 1181.493 Executing VM operation: ChangeSingleStep
Event: 1181.493 Executing VM operation: ChangeSingleStep done

Events (20 events):
Event: 8.788 Thread 0x000001f82e7ff8b0 flushing nmethod 0x000001f81343f290
Event: 8.788 Thread 0x000001f82e7ff8b0 flushing nmethod 0x000001f813440110
Event: 8.788 Thread 0x000001f82e7ff8b0 flushing nmethod 0x000001f813441210
Event: 8.788 Thread 0x000001f82e7ff8b0 flushing nmethod 0x000001f81346e210
Event: 8.789 Thread 0x000001f82e7ff8b0 flushing nmethod 0x000001f8134b2f90
Event: 8.789 Thread 0x000001f82e7ff8b0 flushing nmethod 0x000001f8134cdb90
Event: 8.789 Thread 0x000001f82e7ff8b0 flushing nmethod 0x000001f8134d8a10
Event: 8.789 Thread 0x000001f82e7ff8b0 flushing nmethod 0x000001f8134da310
Event: 8.789 Thread 0x000001f82e7ff8b0 flushing nmethod 0x000001f813513690
Event: 8.789 Thread 0x000001f82e7ff8b0 flushing nmethod 0x000001f81352d410
Event: 8.789 Thread 0x000001f82e7ff8b0 flushing nmethod 0x000001f81354a210
Event: 8.789 Thread 0x000001f82e7ff8b0 flushing nmethod 0x000001f813551690
Event: 8.789 Thread 0x000001f82e7ff8b0 flushing nmethod 0x000001f81358b090
Event: 8.789 Thread 0x000001f82e7ff8b0 flushing nmethod 0x000001f813597d10
Event: 8.789 Thread 0x000001f82e7ff8b0 flushing nmethod 0x000001f8135afc10
Event: 8.789 Thread 0x000001f82e7ff8b0 flushing nmethod 0x000001f813633410
Event: 8.789 Thread 0x000001f82e7ff8b0 flushing nmethod 0x000001f813633a10
Event: 8.997 Thread 0x000001f837eea040 Thread exited: 0x000001f837eea040
Event: 8.997 Thread 0x000001f82e8008a0 Thread exited: 0x000001f82e8008a0
Event: 13.997 Thread 0x000001f832e92260 Thread exited: 0x000001f832e92260


Dynamic libraries:
0x00007ff71a770000 - 0x00007ff71a780000 	C:\Program Files\Java\jdk-19\bin\javaw.exe
0x00007ff82d1f0000 - 0x00007ff82d3e8000 	C:\WINDOWS\SYSTEM32\ntdll.dll
0x00007ff82bce0000 - 0x00007ff82bd9f000 	C:\WINDOWS\System32\KERNEL32.DLL
0x00007ff82ad10000 - 0x00007ff82afe2000 	C:\WINDOWS\System32\KERNELBASE.dll
0x00007ff82a930000 - 0x00007ff82aa30000 	C:\WINDOWS\System32\ucrtbase.dll
0x00007ff823f70000 - 0x00007ff823f88000 	C:\Program Files\Java\jdk-19\bin\jli.dll
0x00007ff820e50000 - 0x00007ff820e6b000 	C:\Program Files\Java\jdk-19\bin\VCRUNTIME140.dll
0x00007ff82cf50000 - 0x00007ff82cffe000 	C:\WINDOWS\System32\ADVAPI32.dll
0x00007ff82b460000 - 0x00007ff82b4fe000 	C:\WINDOWS\System32\msvcrt.dll
0x00007ff82c670000 - 0x00007ff82c70c000 	C:\WINDOWS\System32\sechost.dll
0x00007ff82c3b0000 - 0x00007ff82c4d5000 	C:\WINDOWS\System32\RPCRT4.dll
0x00007ff82b230000 - 0x00007ff82b3d1000 	C:\WINDOWS\System32\USER32.dll
0x00007ff82ac40000 - 0x00007ff82ac62000 	C:\WINDOWS\System32\win32u.dll
0x00007ff818e80000 - 0x00007ff81911a000 	C:\WINDOWS\WinSxS\amd64_microsoft.windows.common-controls_6595b64144ccf1df_6.0.19041.1110_none_60b5254171f9507e\COMCTL32.dll
0x00007ff82cec0000 - 0x00007ff82ceeb000 	C:\WINDOWS\System32\GDI32.dll
0x00007ff82b090000 - 0x00007ff82b19f000 	C:\WINDOWS\System32\gdi32full.dll
0x00007ff82ac70000 - 0x00007ff82ad0d000 	C:\WINDOWS\System32\msvcp_win.dll
0x00007ff8243b0000 - 0x00007ff8243ba000 	C:\WINDOWS\SYSTEM32\VERSION.dll
0x00007ff82c020000 - 0x00007ff82c052000 	C:\WINDOWS\System32\IMM32.DLL
0x00007ff8254c0000 - 0x00007ff8254cc000 	C:\Program Files\Java\jdk-19\bin\vcruntime140_1.dll
0x00007fffd8460000 - 0x00007fffd84ee000 	C:\Program Files\Java\jdk-19\bin\msvcp140.dll
0x00007fff65dd0000 - 0x00007fff66a90000 	C:\Program Files\Java\jdk-19\bin\server\jvm.dll
0x00007ff8252e0000 - 0x00007ff8252e9000 	C:\WINDOWS\SYSTEM32\WSOCK32.dll
0x00007ff81d0a0000 - 0x00007ff81d0c7000 	C:\WINDOWS\SYSTEM32\WINMM.dll
0x00007ff82c080000 - 0x00007ff82c0eb000 	C:\WINDOWS\System32\WS2_32.dll
0x00007ff8286c0000 - 0x00007ff8286d2000 	C:\WINDOWS\SYSTEM32\kernel.appcore.dll
0x00007ff824090000 - 0x00007ff82409a000 	C:\Program Files\Java\jdk-19\bin\jimage.dll
0x00007ff820b40000 - 0x00007ff820d24000 	C:\WINDOWS\SYSTEM32\DBGHELP.DLL
0x00007ff820b00000 - 0x00007ff820b35000 	C:\WINDOWS\SYSTEM32\dbgcore.DLL
0x00007ff82b1a0000 - 0x00007ff82b222000 	C:\WINDOWS\System32\bcryptPrimitives.dll
0x00007ff823cf0000 - 0x00007ff823d2c000 	C:\Program Files\Java\jdk-19\bin\jdwp.dll
0x00007ff8258b0000 - 0x00007ff8258be000 	C:\Program Files\Java\jdk-19\bin\instrument.dll
0x00007ffff0670000 - 0x00007ffff0696000 	C:\Program Files\Java\jdk-19\bin\java.dll
0x00007fffac0e0000 - 0x00007fffac1b7000 	C:\Program Files\Java\jdk-19\bin\jsvml.dll
0x00007ff82c710000 - 0x00007ff82ce54000 	C:\WINDOWS\System32\SHELL32.dll
0x00007ff8289a0000 - 0x00007ff829132000 	C:\WINDOWS\SYSTEM32\windows.storage.dll
0x00007ff82b500000 - 0x00007ff82b855000 	C:\WINDOWS\System32\combase.dll
0x00007ff82a340000 - 0x00007ff82a370000 	C:\WINDOWS\SYSTEM32\Wldp.dll
0x00007ff82c300000 - 0x00007ff82c3ad000 	C:\WINDOWS\System32\SHCORE.dll
0x00007ff82ce60000 - 0x00007ff82ceb5000 	C:\WINDOWS\System32\shlwapi.dll
0x00007ff82a820000 - 0x00007ff82a83f000 	C:\WINDOWS\SYSTEM32\profapi.dll
0x00007ff8240f0000 - 0x00007ff8240fc000 	C:\Program Files\Java\jdk-19\bin\dt_socket.dll
0x00007ff829d40000 - 0x00007ff829d7b000 	C:\WINDOWS\SYSTEM32\IPHLPAPI.DLL
0x00007ff82a0a0000 - 0x00007ff82a10a000 	C:\WINDOWS\system32\mswsock.dll
0x00007ff829d80000 - 0x00007ff829e4a000 	C:\WINDOWS\SYSTEM32\DNSAPI.dll
0x00007ff82c070000 - 0x00007ff82c078000 	C:\WINDOWS\System32\NSI.dll
0x00007ff821ea0000 - 0x00007ff821eaa000 	C:\Windows\System32\rasadhlp.dll
0x00007ff821b90000 - 0x00007ff821c10000 	C:\WINDOWS\System32\fwpuclnt.dll
0x00007ff82aff0000 - 0x00007ff82b017000 	C:\WINDOWS\System32\bcrypt.dll
0x00007ffff1b00000 - 0x00007ffff1b18000 	C:\Program Files\Java\jdk-19\bin\zip.dll
0x00007ff8206e0000 - 0x00007ff8206f3000 	C:\Program Files\Java\jdk-19\bin\net.dll
0x00007ff8233b0000 - 0x00007ff8234bc000 	C:\WINDOWS\SYSTEM32\WINHTTP.dll
0x00007ff8203b0000 - 0x00007ff8203c6000 	C:\Program Files\Java\jdk-19\bin\nio.dll
0x00007ff820dd0000 - 0x00007ff820de0000 	C:\Program Files\Java\jdk-19\bin\verify.dll
0x00007ff8240e0000 - 0x00007ff8240ea000 	C:\Program Files\Java\jdk-19\bin\management.dll
0x00007ffff1aa0000 - 0x00007ffff1aab000 	C:\Program Files\Java\jdk-19\bin\management_ext.dll
0x00007ff82b860000 - 0x00007ff82b868000 	C:\WINDOWS\System32\PSAPI.DLL
0x00007ffff9fb0000 - 0x00007ffff9fc7000 	C:\WINDOWS\system32\napinsp.dll
0x00007ffff9d10000 - 0x00007ffff9d2b000 	C:\WINDOWS\system32\pnrpnsp.dll
0x00007ffff9ca0000 - 0x00007ffff9cb5000 	C:\WINDOWS\system32\wshbth.dll
0x00007ff825210000 - 0x00007ff82522d000 	C:\WINDOWS\system32\NLAapi.dll
0x00007ffff91f0000 - 0x00007ffff9202000 	C:\WINDOWS\System32\winrnr.dll
0x00007ff82a290000 - 0x00007ff82a2a8000 	C:\WINDOWS\SYSTEM32\CRYPTSP.dll
0x00007ff829950000 - 0x00007ff829984000 	C:\WINDOWS\system32\rsaenh.dll
0x00007ff82a7a0000 - 0x00007ff82a7ce000 	C:\WINDOWS\SYSTEM32\USERENV.dll
0x00007ff82a2b0000 - 0x00007ff82a2bc000 	C:\WINDOWS\SYSTEM32\CRYPTBASE.dll
0x00007ff824b70000 - 0x00007ff824b87000 	C:\WINDOWS\SYSTEM32\dhcpcsvc6.DLL
0x00007ff824b50000 - 0x00007ff824b6d000 	C:\WINDOWS\SYSTEM32\dhcpcsvc.DLL
0x00007ff820660000 - 0x00007ff82066e000 	C:\Program Files\Java\jdk-19\bin\sunmscapi.dll
0x00007ff82aae0000 - 0x00007ff82ac36000 	C:\WINDOWS\System32\CRYPT32.dll
0x00007ff82a3b0000 - 0x00007ff82a3d7000 	C:\WINDOWS\SYSTEM32\ncrypt.dll
0x00007ff82a370000 - 0x00007ff82a3ab000 	C:\WINDOWS\SYSTEM32\NTASN1.dll
0x00007ff818d00000 - 0x00007ff818d08000 	C:\Program Files\Java\jdk-19\bin\extnet.dll
0x00007fffdb5f0000 - 0x00007fffdb5f7000 	C:\WINDOWS\system32\wshunix.dll

dbghelp: loaded successfully - version: 4.0.5 - missing functions: none
symbol engine: initialized successfully - sym options: 0x614 - pdb path: .;C:\Program Files\Java\jdk-19\bin;C:\WINDOWS\SYSTEM32;C:\WINDOWS\WinSxS\amd64_microsoft.windows.common-controls_6595b64144ccf1df_6.0.19041.1110_none_60b5254171f9507e;C:\Program Files\Java\jdk-19\bin\server

VM Arguments:
jvm_args: -XX:+ShowCodeDetailsInExceptionMessages -agentlib:jdwp=transport=dt_socket,suspend=y,address=localhost:61703 -javaagent:C:\Users\TVD\eclipse\jee-2022-12\eclipse\configuration\org.eclipse.osgi\420\0\.cp\lib\javaagent-shaded.jar -Dfile.encoding=UTF-8 
java_command: com.Ecomerce.API.ApiBackEndFinalProjectEcApplication
java_class_path (initial): E:\Document\HK1-2022-2023\TMDT\Project\ECProject-PA-EC22-03\ECProject-PA-EC22-03\BackEnd\API-Back-end-Final-Project-EC\target\classes;C:\Users\TVD\.m2\repository\org\springframework\boot\spring-boot-starter-data-jpa\2.7.6\spring-boot-starter-data-jpa-2.7.6.jar;C:\Users\TVD\.m2\repository\org\springframework\boot\spring-boot-starter-aop\2.7.6\spring-boot-starter-aop-2.7.6.jar;C:\Users\TVD\.m2\repository\org\aspectj\aspectjweaver\1.9.7\aspectjweaver-1.9.7.jar;C:\Users\TVD\.m2\repository\org\springframework\boot\spring-boot-starter-jdbc\2.7.6\spring-boot-starter-jdbc-2.7.6.jar;C:\Users\TVD\.m2\repository\com\zaxxer\HikariCP\4.0.3\HikariCP-4.0.3.jar;C:\Users\TVD\.m2\repository\org\springframework\spring-jdbc\5.3.24\spring-jdbc-5.3.24.jar;C:\Users\TVD\.m2\repository\jakarta\transaction\jakarta.transaction-api\1.3.3\jakarta.transaction-api-1.3.3.jar;C:\Users\TVD\.m2\repository\jakarta\persistence\jakarta.persistence-api\2.2.3\jakarta.persistence-api-2.2.3.jar;C:\Users\TVD\.m2\repository\org\hibernate\hibernate-core\5.6.14.Final\hibernate-core-5.6.14.Final.jar;C:\Users\TVD\.m2\repository\org\jboss\logging\jboss-logging\3.4.3.Final\jboss-logging-3.4.3.Final.jar;C:\Users\TVD\.m2\repository\net\bytebuddy\byte-buddy\1.12.19\byte-buddy-1.12.19.jar;C:\Users\TVD\.m2\repository\antlr\antlr\2.7.7\antlr-2.7.7.jar;C:\Users\TVD\.m2\repository\org\jboss\jandex\2.4.2.Final\jandex-2.4.2.Final.jar;C:\Users\TVD\.m2\repository\com\fasterxml\classmate\1.5.1\classmate-1.5.1.jar;C:\Users\TVD\.m2\repository\org\hibernate\common\hibernate-commons-annotations\5.1.2.Final\hibernate-commons-annotations-5.1.2.Final.jar;C:\Users\TVD\.m2\repository\org\glassfish\jaxb\jaxb-runtime\2.3.7\jaxb-runtime-2.3.7.jar;C:\Users\TVD\.m2\repository\org\glassfish\jaxb\txw2\2.3.7\txw2-2.3.7.jar;C:\Users\TVD\.m2\repository\com\sun\istack\istack-commons-runtime\3.0.12\istack-commons-runtime-3.0.12.jar;C:\Users\TVD\.m2\repository\com\sun\activation\jakarta.activation\1.2.2\jakarta.activation-1.2.2.jar;C:\Users\TVD\.m2\repository\org\springframework\data\spring-data-jpa\2.7.6\spring-data-jpa-2.7.6.jar;C:\Users\TVD\.m2\repository\org\springframework\data\spring-data-commons\2.7.6\spring-data-commons-2.7.6.jar;C:\Users\TVD\.m2\repository\org\springframework\spring-orm\5.3.24\spring-orm-5.3.24.jar;C:\Users\TVD\.m2\repository\org\springframework\spring-context\5.3.24\spring-context-5.3.24.jar;C:\Users\TVD\.m2\repository\org\springframework\spring-tx\5.3.24\spring-tx-5.3.24.jar;C:\Users\TVD\.m2\repository\org\springframework\spring-beans\5.3.24\spring-beans-5.3.24.jar;C:\Users\TVD\.m2\repository\org\slf4j\slf4j-api\1.7.36\slf4j-api-1.7.36.jar;C:\Users\TVD\.m2\repository\org\springframework\spring-aspects\5.3.24\spring-aspects-5.3.24.jar;C:\Users\TVD\.m2\repository\org\springframework\boot\spring-boot-starter-web\2.7.6\spring-boot-starter-web-2.7.6.jar;C:\Users\TVD\.m2\repository\org\springframework\boot\spring-boot-starter\2.7.6\spring-boot-starter-2.7.6.jar;C:\Users\TVD\.m2\repository\org\springframework\boot\spring-boot\2.7.6\spring-boot-2.7.6.jar;C:\Users\TVD\.m2\repository\org\springframework\boot\spring-boot-autoconfigure\2.7.6\spring-boot-autoconfigure-2.7.6.jar;C:\Users\TVD\.m2\repository\org\springframework\boot\spring-boot-starter-logging\2.7.6\spring-boot-starter-logging-2.7.6.jar;C:\Users\TVD\.m2\repository\ch\qos\logback\logback-classic\1.2.11\logback-classic-1.2.11.jar;C:\Users\TVD\.m2\repository\ch\qos\logback\logback-core\1.2.11\logback-core-1.2.11.jar;C:\Users\TVD\.m2\repository\org\apache\logging\log4j\log4j-to-slf4j\2.17.2\log4j-to-slf4j-2.17.2.jar;C:\Users\TVD\.m2\repository\org\apache\logging\log4j\log4j-api\2.17.2\log4j-api-2.17.2.jar;C:\Users\TVD\.m2\repository\org\slf4j\jul-to-slf4j\1.7.36\jul-to-slf4j-1.7.36.jar;C:\Users\TVD\.m2\repository\jakarta\annotation\jakarta.annotation-api\1.3.5\jakarta.annotation-api-1.3.5.jar;C:\Users\TVD\.m2\repository\org\yaml\snakeyaml\1.30\snakeyaml-1.30.jar;C:\Users\TVD\.m2\repository\org\springframework\boot\spring-boot-starter-json\2.7.6\spring-boot-starter-json-2.7.6.jar;C:\Users\TVD\.m2\repository\com\fasterxml\jackson\datatype\jackson-datatype-jdk8\2.13.4\jackson-datatype-jdk8-2.13.4.jar;C:\Users\TVD\.m2\repository\com\fasterxml\jackson\datatype\jackson-datatype-jsr310\2.13.4\jackson-datatype-jsr310-2.13.4.jar;C:\Users\TVD\.m2\repository\com\fasterxml\jackson\module\jackson-module-parameter-names\2.13.4\jackson-module-parameter-names-2.13.4.jar;C:\Users\TVD\.m2\repository\org\springframework\boot\spring-boot-starter-tomcat\2.7.6\spring-boot-starter-tomcat-2.7.6.jar;C:\Users\TVD\.m2\repository\org\apache\tomcat\embed\tomcat-embed-core\9.0.69\tomcat-embed-core-9.0.69.jar;C:\Users\TVD\.m2\repository\org\apache\tomcat\embed\tomcat-embed-websocket\9.0.69\tomcat-embed-websocket-9.0.69.jar;C:\Users\TVD\.m2\repository\org\springframework\spring-web\5.3.24\spring-web-5.3.24.jar;C:\Users\TVD\.m2\repository\org\springframework\spring-webmvc\5.3.24\spring-webmvc-5.3.24.jar;C:\Users\TVD\.m2\repository\org\springframework\spring-expression\5.3.24\spring-expression-5.3.24.jar;C:\Users\TVD\.m2\repository\com\microsoft\sqlserver\mssql-jdbc\10.2.1.jre8\mssql-jdbc-10.2.1.jre8.jar;C:\Users\TVD\.m2\repository\jakarta\xml\bind\jakarta.xml.bind-api\2.3.3\jakarta.xml.bind-api-2.3.3.jar;C:\Users\TVD\.m2\repository\jakarta\activation\jakarta.activation-api\1.2.2\jakarta.activation-api-1.2.2.jar;C:\Users\TVD\.m2\repository\org\springframework\spring-core\5.3.24\spring-core-5.3.24.jar;C:\Users\TVD\.m2\repository\org\springframework\spring-jcl\5.3.24\spring-jcl-5.3.24.jar;C:\Users\TVD\.m2\repository\org\springframework\boot\spring-boot-starter-validation\2.7.6\spring-boot-starter-validation-2.7.6.jar;C:\Users\TVD\.m2\repository\org\apache\tomcat\embed\tomcat-embed-el\9.0.69\tomcat-embed-el-9.0.69.jar;C:\Users\TVD\.m2\repository\org\hibernate\validator\hibernate-validator\6.2.5.Final\hibernate-validator-6.2.5.Final.jar;C:\Users\TVD\.m2\repository\jakarta\validation\jakarta.validation-api\2.0.2\jakarta.validation-api-2.0.2.jar;C:\Users\TVD\.m2\repository\org\springframework\boot\spring-boot-starter-security\2.7.6\spring-boot-starter-security-2.7.6.jar;C:\Users\TVD\.m2\repository\org\springframework\spring-aop\5.3.24\spring-aop-5.3.24.jar;C:\Users\TVD\.m2\repository\org\springframework\security\spring-security-config\5.7.5\spring-security-config-5.7.5.jar;C:\Users\TVD\.m2\repository\org\springframework\security\spring-security-core\5.7.5\spring-security-core-5.7.5.jar;C:\Users\TVD\.m2\repository\org\springframework\security\spring-security-crypto\5.7.5\spring-security-crypto-5.7.5.jar;C:\Users\TVD\.m2\repository\org\springframework\security\spring-security-web\5.7.5\spring-security-web-5.7.5.jar;C:\Users\TVD\.m2\repository\io\jsonwebtoken\jjwt\0.9.1\jjwt-0.9.1.jar;C:\Users\TVD\.m2\repository\com\fasterxml\jackson\core\jackson-databind\2.13.4.2\jackson-databind-2.13.4.2.jar;C:\Users\TVD\.m2\repository\com\fasterxml\jackson\core\jackson-annotations\2.13.4\jackson-annotations-2.13.4.jar;C:\Users\TVD\.m2\repository\com\fasterxml\jackson\core\jackson-core\2.13.4\jackson-core-2.13.4.jar
Launcher Type: SUN_STANDARD

[Global flags]
     intx CICompilerCount                          = 4                                         {product} {ergonomic}
     uint ConcGCThreads                            = 3                                         {product} {ergonomic}
     uint G1ConcRefinementThreads                  = 10                                        {product} {ergonomic}
   size_t G1HeapRegionSize                         = 2097152                                   {product} {ergonomic}
    uintx GCDrainStackTargetSize                   = 64                                        {product} {ergonomic}
   size_t InitialHeapSize                          = 266338304                                 {product} {ergonomic}
   size_t MarkStackSize                            = 4194304                                   {product} {ergonomic}
   size_t MaxHeapSize                              = 4248829952                                {product} {ergonomic}
   size_t MaxNewSize                               = 2548039680                                {product} {ergonomic}
   size_t MinHeapDeltaBytes                        = 2097152                                   {product} {ergonomic}
   size_t MinHeapSize                              = 8388608                                   {product} {ergonomic}
    uintx NonNMethodCodeHeapSize                   = 5839372                                {pd product} {ergonomic}
    uintx NonProfiledCodeHeapSize                  = 122909434                              {pd product} {ergonomic}
    uintx ProfiledCodeHeapSize                     = 122909434                              {pd product} {ergonomic}
    uintx ReservedCodeCacheSize                    = 251658240                              {pd product} {ergonomic}
     bool SegmentedCodeCache                       = true                                      {product} {ergonomic}
     bool ShowCodeDetailsInExceptionMessages       = true                                   {manageable} {command line}
   size_t SoftMaxHeapSize                          = 4248829952                             {manageable} {ergonomic}
     bool UseCompressedClassPointers               = true                           {product lp64_product} {ergonomic}
     bool UseCompressedOops                        = true                           {product lp64_product} {ergonomic}
     bool UseG1GC                                  = true                                      {product} {ergonomic}
     bool UseLargePagesIndividualAllocation        = false                                  {pd product} {ergonomic}

Logging:
Log output configuration:
 #0: stdout all=warning uptime,level,tags foldmultilines=false
 #1: stderr all=off uptime,level,tags foldmultilines=false

Environment Variables:
JAVA_HOME=C:\Program Files\Java\jdk-19
PATH=C:\Program Files\Eclipse Foundation\jdk-8.0.302.8-hotspot\bin;C:\Program Files\Common Files\Oracle\Java\javapath;C:\Program Files (x86)\VMware\VMware Player\bin\;C:\Python310\Scripts\;C:\Python310\;C:\Windows\system32;C:\Windows;C:\Windows\System32\Wbem;C:\Windows\System32\WindowsPowerShell\v1.0\;C:\Windows\System32\OpenSSH\;C:\Program Files (x86)\NVIDIA Corporation\PhysX\Common;C:\Program Files\NVIDIA Corporation\NVIDIA NvDLISR;C:\Program Files\Microsoft SQL Server\Client SDK\ODBC\170\Tools\Binn\;C:\Program Files\dotnet\;C:\WINDOWS\system32;C:\WINDOWS;C:\WINDOWS\System32\Wbem;C:\WINDOWS\System32\WindowsPowerShell\v1.0\;C:\WINDOWS\System32\OpenSSH\;C:\Users\TVD\AppData\Local\Programs\Microsoft VS Code\bin;C:\MinGW\bin;C:\MinGW\bin;C:\Program Files\Azure Data Studio\bin;C:\Program Files\Git\cmd;C:\Program Files (x86)\Microsoft SQL Server\150\Tools\Binn\;C:\Program Files\Microsoft SQL Server\150\Tools\Binn\;C:\Program Files\Microsoft SQL Server\150\DTS\Binn\;C:\Program Files (x86)\Microsoft SQL Server\150\DTS\Binn\;C:\Program Files\Microsoft SQL Server\130\Tools\Binn\;C:\Program Files\nodejs\;C:\ProgramData\chocolatey\bin;C:\Program Files\PuTTY\;C:\Program Files\Amazon\AWSCLIV2\;C:\Program Files\Java\jdk-19\bin;C:\apache-maven-3.8.6\bin;C:\Program Files\MongoDB\Server\6.0\bin;C:\Users\TVD\anaconda3;C:\Users\TVD\anaconda3\Library\mingw-w64\bin;C:\Users\TVD\anaconda3\Library\usr\bin;C:\Users\TVD\anaconda3\Library\bin;C:\Users\TVD\anaconda3\Scripts;C:\Program Files\MySQL\MySQL Shell 8.0\bin\;C:\Users\TVD\AppData\Local\Programs\Python\Python39\Scripts\;C:\Users\TVD\AppData\Local\Programs\Python\Python39\;C:\Users\TVD\AppData\Local\Microsoft\WindowsApps;C:\Users\TVD\.dotnet\tools;C:\MinGW\bin;C:\Program Files\Azure Data Studio\bin;C:\Program Files\JetBrains\CLion 2021.2.1\bin;;C:\Users\TVD\AppData\Local\Programs\Microsoft VS Code\bin;C:\Users\TVD\AppData\Local\GitHubDesktop\bin;C:\Program Files\JetBrains\PyCharm 2021.3.2\bin;;C:\Users\TVD\AppData\Roaming\npm
USERNAME=TVD
OS=Windows_NT
PROCESSOR_IDENTIFIER=Intel64 Family 6 Model 165 Stepping 2, GenuineIntel
TMP=C:\Users\TVD\AppData\Local\Temp
TEMP=C:\Users\TVD\AppData\Local\Temp



---------------  S Y S T E M  ---------------

OS:
 Windows 10 , 64 bit Build 19041 (10.0.19041.2364)
OS uptime: 5 days 12:42 hours

CPU: total 12 (initial active 12) (6 cores per cpu, 2 threads per core) family 6 model 165 stepping 2 microcode 0xc8, cx8, cmov, fxsr, ht, mmx, 3dnowpref, sse, sse2, sse3, ssse3, sse4.1, sse4.2, popcnt, lzcnt, tsc, tscinvbit, avx, avx2, aes, erms, clmul, bmi1, bmi2, adx, fma, vzeroupper, clflush, clflushopt, rdtscp

Memory: 4k page, system-wide physical 16205M (4481M free)
TotalPageFile size 26453M (AvailPageFile size 3356M)
current process WorkingSet (physical memory assigned to process): 273M, peak: 358M
current process commit charge ("private bytes"): 332M, peak: 435M

vm_info: Java HotSpot(TM) 64-Bit Server VM (19.0.1+10-21) for windows-amd64 JRE (19.0.1+10-21), built on 2022-09-14T12:45:06Z by "mach5one" with MS VC++ 17.1 (VS2022)

END.
